2024-04-14 19:07:05.327 -06:00 [ERR] An exception occurred while iterating over the results of a query for context type 'Proyecto.Infraestructure.Data.ProyectoContext'.
System.InvalidOperationException: The required column 'EstadoFactura' was not present in the results of a 'FromSql' operation.
   at Microsoft.EntityFrameworkCore.Query.Internal.FromSqlQueryingEnumerable`1.BuildIndexMap(IReadOnlyList`1 columnNames, DbDataReader dataReader)
   at Microsoft.EntityFrameworkCore.Query.Internal.FromSqlQueryingEnumerable`1.AsyncEnumerator.InitializeReaderAsync(AsyncEnumerator enumerator, CancellationToken cancellationToken)
   at Microsoft.EntityFrameworkCore.SqlServer.Storage.Internal.SqlServerExecutionStrategy.ExecuteAsync[TState,TResult](TState state, Func`4 operation, Func`4 verifySucceeded, CancellationToken cancellationToken)
   at Microsoft.EntityFrameworkCore.Query.Internal.FromSqlQueryingEnumerable`1.AsyncEnumerator.MoveNextAsync()
System.InvalidOperationException: The required column 'EstadoFactura' was not present in the results of a 'FromSql' operation.
   at Microsoft.EntityFrameworkCore.Query.Internal.FromSqlQueryingEnumerable`1.BuildIndexMap(IReadOnlyList`1 columnNames, DbDataReader dataReader)
   at Microsoft.EntityFrameworkCore.Query.Internal.FromSqlQueryingEnumerable`1.AsyncEnumerator.InitializeReaderAsync(AsyncEnumerator enumerator, CancellationToken cancellationToken)
   at Microsoft.EntityFrameworkCore.SqlServer.Storage.Internal.SqlServerExecutionStrategy.ExecuteAsync[TState,TResult](TState state, Func`4 operation, Func`4 verifySucceeded, CancellationToken cancellationToken)
   at Microsoft.EntityFrameworkCore.Query.Internal.FromSqlQueryingEnumerable`1.AsyncEnumerator.MoveNextAsync()
2024-04-14 19:07:05.723 -06:00 [ERR] 
EventId    :3931-240414070705
ErrorList  :The required column 'EstadoFactura' was not present in the results of a 'FromSql' operation.
StackTrace :   at Microsoft.EntityFrameworkCore.Query.Internal.FromSqlQueryingEnumerable`1.BuildIndexMap(IReadOnlyList`1 columnNames, DbDataReader dataReader)
   at Microsoft.EntityFrameworkCore.Query.Internal.FromSqlQueryingEnumerable`1.AsyncEnumerator.InitializeReaderAsync(AsyncEnumerator enumerator, CancellationToken cancellationToken)
   at Microsoft.EntityFrameworkCore.SqlServer.Storage.Internal.SqlServerExecutionStrategy.ExecuteAsync[TState,TResult](TState state, Func`4 operation, Func`4 verifySucceeded, CancellationToken cancellationToken)
   at Microsoft.EntityFrameworkCore.Query.Internal.FromSqlQueryingEnumerable`1.AsyncEnumerator.MoveNextAsync()
   at Microsoft.EntityFrameworkCore.EntityFrameworkQueryableExtensions.ToListAsync[TSource](IQueryable`1 source, CancellationToken cancellationToken)
   at Microsoft.EntityFrameworkCore.EntityFrameworkQueryableExtensions.ToListAsync[TSource](IQueryable`1 source, CancellationToken cancellationToken)
   at Proyecto.Infraestructure.Repository.Implementations.RepositoryFactura.FindByVentasByFechasAsync(DateTime fechaInicial, DateTime fechaFinal) in C:\Users\Ismael\Desktop\Proyecto-Ambiente-Web2\Proyecto\Proyecto.Infraestructure\Repository\Implementations\RepositoryFactura.cs:line 197
   at Proyecto.Application.Services.Implementations.ServiceReportes.VentaReporteByFechas(DateTime fechaInicial, DateTime fechaFinal) in C:\Users\Ismael\Desktop\Proyecto-Ambiente-Web2\Proyecto\Proyecto.Application\Services\Implementations\ServiceReportes.cs:line 234
   at Proyecto.Web.Controllers.ReportesController.VentasReportByFechaPDF(DateTime fechaInicial, DateTime fechaFinal) in C:\Users\Ismael\Desktop\Proyecto-Ambiente-Web2\Proyecto\Proyecto.Web\Controllers\ReportesController.cs:line 135
   at Microsoft.AspNetCore.Mvc.Infrastructure.ActionMethodExecutor.TaskOfIActionResultExecutor.Execute(ActionContext actionContext, IActionResultTypeMapper mapper, ObjectMethodExecutor executor, Object controller, Object[] arguments)
   at Microsoft.AspNetCore.Mvc.Infrastructure.ControllerActionInvoker.<InvokeActionMethodAsync>g__Logged|12_1(ControllerActionInvoker invoker)
   at Microsoft.AspNetCore.Mvc.Infrastructure.ControllerActionInvoker.<InvokeNextActionFilterAsync>g__Awaited|10_0(ControllerActionInvoker invoker, Task lastTask, State next, Scope scope, Object state, Boolean isCompleted)
   at Microsoft.AspNetCore.Mvc.Infrastructure.ControllerActionInvoker.Rethrow(ActionExecutedContextSealed context)
   at Microsoft.AspNetCore.Mvc.Infrastructure.ControllerActionInvoker.Next(State& next, Scope& scope, Object& state, Boolean& isCompleted)
   at Microsoft.AspNetCore.Mvc.Infrastructure.ControllerActionInvoker.<InvokeInnerFilterAsync>g__Awaited|13_0(ControllerActionInvoker invoker, Task lastTask, State next, Scope scope, Object state, Boolean isCompleted)
   at Microsoft.AspNetCore.Mvc.Infrastructure.ResourceInvoker.<InvokeNextResourceFilter>g__Awaited|25_0(ResourceInvoker invoker, Task lastTask, State next, Scope scope, Object state, Boolean isCompleted)
   at Microsoft.AspNetCore.Mvc.Infrastructure.ResourceInvoker.Rethrow(ResourceExecutedContextSealed context)
   at Microsoft.AspNetCore.Mvc.Infrastructure.ResourceInvoker.Next(State& next, Scope& scope, Object& state, Boolean& isCompleted)
   at Microsoft.AspNetCore.Mvc.Infrastructure.ResourceInvoker.<InvokeFilterPipelineAsync>g__Awaited|20_0(ResourceInvoker invoker, Task lastTask, State next, Scope scope, Object state, Boolean isCompleted)
   at Microsoft.AspNetCore.Mvc.Infrastructure.ResourceInvoker.<InvokeAsync>g__Logged|17_1(ResourceInvoker invoker)
   at Microsoft.AspNetCore.Mvc.Infrastructure.ResourceInvoker.<InvokeAsync>g__Logged|17_1(ResourceInvoker invoker)
   at Microsoft.AspNetCore.Routing.EndpointMiddleware.<Invoke>g__AwaitRequestTask|7_0(Endpoint endpoint, Task requestTask, ILogger logger)
   at Microsoft.AspNetCore.Antiforgery.Internal.AntiforgeryMiddleware.InvokeAwaited(HttpContext context)
   at Microsoft.AspNetCore.Authorization.AuthorizationMiddleware.Invoke(HttpContext context)
   at Serilog.AspNetCore.RequestLoggingMiddleware.Invoke(HttpContext httpContext)
   at Microsoft.AspNetCore.Diagnostics.StatusCodePagesMiddleware.Invoke(HttpContext context)
   at Proyecto.Web.Middleware.ErrorHandlingMiddleware.Invoke(HttpContext context) in C:\Users\Ismael\Desktop\Proyecto-Ambiente-Web2\Proyecto\Proyecto.Web\Middleware\ErrorHandlingMiddleware.cs:line 23

2024-04-14 19:10:38.325 -06:00 [ERR] An exception occurred while iterating over the results of a query for context type 'Proyecto.Infraestructure.Data.ProyectoContext'.
System.InvalidOperationException: The required column 'EstadoFactura' was not present in the results of a 'FromSql' operation.
   at Microsoft.EntityFrameworkCore.Query.Internal.FromSqlQueryingEnumerable`1.BuildIndexMap(IReadOnlyList`1 columnNames, DbDataReader dataReader)
   at Microsoft.EntityFrameworkCore.Query.Internal.FromSqlQueryingEnumerable`1.AsyncEnumerator.InitializeReaderAsync(AsyncEnumerator enumerator, CancellationToken cancellationToken)
   at Microsoft.EntityFrameworkCore.SqlServer.Storage.Internal.SqlServerExecutionStrategy.ExecuteAsync[TState,TResult](TState state, Func`4 operation, Func`4 verifySucceeded, CancellationToken cancellationToken)
   at Microsoft.EntityFrameworkCore.Query.Internal.FromSqlQueryingEnumerable`1.AsyncEnumerator.MoveNextAsync()
System.InvalidOperationException: The required column 'EstadoFactura' was not present in the results of a 'FromSql' operation.
   at Microsoft.EntityFrameworkCore.Query.Internal.FromSqlQueryingEnumerable`1.BuildIndexMap(IReadOnlyList`1 columnNames, DbDataReader dataReader)
   at Microsoft.EntityFrameworkCore.Query.Internal.FromSqlQueryingEnumerable`1.AsyncEnumerator.InitializeReaderAsync(AsyncEnumerator enumerator, CancellationToken cancellationToken)
   at Microsoft.EntityFrameworkCore.SqlServer.Storage.Internal.SqlServerExecutionStrategy.ExecuteAsync[TState,TResult](TState state, Func`4 operation, Func`4 verifySucceeded, CancellationToken cancellationToken)
   at Microsoft.EntityFrameworkCore.Query.Internal.FromSqlQueryingEnumerable`1.AsyncEnumerator.MoveNextAsync()
2024-04-14 19:16:50.871 -06:00 [ERR] An exception occurred while iterating over the results of a query for context type 'Proyecto.Infraestructure.Data.ProyectoContext'.
System.Data.SqlTypes.SqlNullValueException: Data is Null. This method or property cannot be called on Null values.
   at Microsoft.Data.SqlClient.SqlBuffer.ThrowIfNull()
   at Microsoft.Data.SqlClient.SqlBuffer.get_Decimal()
   at Microsoft.Data.SqlClient.SqlDataReader.GetDecimal(Int32 i)
   at lambda_method150(Closure, QueryContext, DbDataReader, Int32[])
   at Microsoft.EntityFrameworkCore.Query.Internal.FromSqlQueryingEnumerable`1.AsyncEnumerator.MoveNextAsync()
System.Data.SqlTypes.SqlNullValueException: Data is Null. This method or property cannot be called on Null values.
   at Microsoft.Data.SqlClient.SqlBuffer.ThrowIfNull()
   at Microsoft.Data.SqlClient.SqlBuffer.get_Decimal()
   at Microsoft.Data.SqlClient.SqlDataReader.GetDecimal(Int32 i)
   at lambda_method150(Closure, QueryContext, DbDataReader, Int32[])
   at Microsoft.EntityFrameworkCore.Query.Internal.FromSqlQueryingEnumerable`1.AsyncEnumerator.MoveNextAsync()
2024-04-14 19:17:04.441 -06:00 [ERR] 
EventId    :4424-240414071700
ErrorList  :Data is Null. This method or property cannot be called on Null values.
StackTrace :   at Microsoft.Data.SqlClient.SqlBuffer.ThrowIfNull()
   at Microsoft.Data.SqlClient.SqlBuffer.get_Decimal()
   at Microsoft.Data.SqlClient.SqlDataReader.GetDecimal(Int32 i)
   at lambda_method150(Closure, QueryContext, DbDataReader, Int32[])
   at Microsoft.EntityFrameworkCore.Query.Internal.FromSqlQueryingEnumerable`1.AsyncEnumerator.MoveNextAsync()
   at Microsoft.EntityFrameworkCore.EntityFrameworkQueryableExtensions.ToListAsync[TSource](IQueryable`1 source, CancellationToken cancellationToken)
   at Microsoft.EntityFrameworkCore.EntityFrameworkQueryableExtensions.ToListAsync[TSource](IQueryable`1 source, CancellationToken cancellationToken)
   at Proyecto.Infraestructure.Repository.Implementations.RepositoryFactura.FindByVentasByFechasAsync(DateTime fechaInicial, DateTime fechaFinal) in C:\Users\Ismael\Desktop\Proyecto-Ambiente-Web2\Proyecto\Proyecto.Infraestructure\Repository\Implementations\RepositoryFactura.cs:line 198
   at Proyecto.Application.Services.Implementations.ServiceReportes.VentaReporteByFechas(DateTime fechaInicial, DateTime fechaFinal) in C:\Users\Ismael\Desktop\Proyecto-Ambiente-Web2\Proyecto\Proyecto.Application\Services\Implementations\ServiceReportes.cs:line 234
   at Proyecto.Web.Controllers.ReportesController.VentasReportByFechaPDF(DateTime fechaInicial, DateTime fechaFinal) in C:\Users\Ismael\Desktop\Proyecto-Ambiente-Web2\Proyecto\Proyecto.Web\Controllers\ReportesController.cs:line 135
   at Microsoft.AspNetCore.Mvc.Infrastructure.ActionMethodExecutor.TaskOfIActionResultExecutor.Execute(ActionContext actionContext, IActionResultTypeMapper mapper, ObjectMethodExecutor executor, Object controller, Object[] arguments)
   at Microsoft.AspNetCore.Mvc.Infrastructure.ControllerActionInvoker.<InvokeActionMethodAsync>g__Logged|12_1(ControllerActionInvoker invoker)
   at Microsoft.AspNetCore.Mvc.Infrastructure.ControllerActionInvoker.<InvokeNextActionFilterAsync>g__Awaited|10_0(ControllerActionInvoker invoker, Task lastTask, State next, Scope scope, Object state, Boolean isCompleted)
   at Microsoft.AspNetCore.Mvc.Infrastructure.ControllerActionInvoker.Rethrow(ActionExecutedContextSealed context)
   at Microsoft.AspNetCore.Mvc.Infrastructure.ControllerActionInvoker.Next(State& next, Scope& scope, Object& state, Boolean& isCompleted)
   at Microsoft.AspNetCore.Mvc.Infrastructure.ControllerActionInvoker.<InvokeInnerFilterAsync>g__Awaited|13_0(ControllerActionInvoker invoker, Task lastTask, State next, Scope scope, Object state, Boolean isCompleted)
   at Microsoft.AspNetCore.Mvc.Infrastructure.ResourceInvoker.<InvokeNextResourceFilter>g__Awaited|25_0(ResourceInvoker invoker, Task lastTask, State next, Scope scope, Object state, Boolean isCompleted)
   at Microsoft.AspNetCore.Mvc.Infrastructure.ResourceInvoker.Rethrow(ResourceExecutedContextSealed context)
   at Microsoft.AspNetCore.Mvc.Infrastructure.ResourceInvoker.Next(State& next, Scope& scope, Object& state, Boolean& isCompleted)
   at Microsoft.AspNetCore.Mvc.Infrastructure.ResourceInvoker.<InvokeFilterPipelineAsync>g__Awaited|20_0(ResourceInvoker invoker, Task lastTask, State next, Scope scope, Object state, Boolean isCompleted)
   at Microsoft.AspNetCore.Mvc.Infrastructure.ResourceInvoker.<InvokeAsync>g__Logged|17_1(ResourceInvoker invoker)
   at Microsoft.AspNetCore.Mvc.Infrastructure.ResourceInvoker.<InvokeAsync>g__Logged|17_1(ResourceInvoker invoker)
   at Microsoft.AspNetCore.Routing.EndpointMiddleware.<Invoke>g__AwaitRequestTask|7_0(Endpoint endpoint, Task requestTask, ILogger logger)
   at Microsoft.AspNetCore.Antiforgery.Internal.AntiforgeryMiddleware.InvokeAwaited(HttpContext context)
   at Microsoft.AspNetCore.Authorization.AuthorizationMiddleware.Invoke(HttpContext context)
   at Serilog.AspNetCore.RequestLoggingMiddleware.Invoke(HttpContext httpContext)
   at Microsoft.AspNetCore.Diagnostics.StatusCodePagesMiddleware.Invoke(HttpContext context)
   at Proyecto.Web.Middleware.ErrorHandlingMiddleware.Invoke(HttpContext context) in C:\Users\Ismael\Desktop\Proyecto-Ambiente-Web2\Proyecto\Proyecto.Web\Middleware\ErrorHandlingMiddleware.cs:line 23

2024-04-14 19:25:54.351 -06:00 [ERR] 
EventId    :4372-240414072554
ErrorList  :Value cannot be null. (Parameter 'key')
StackTrace :   at System.ThrowHelper.ThrowArgumentNullException(String name)
   at System.Collections.Concurrent.ConcurrentDictionary`2.TryGetValue(TKey key, TValue& value)
   at QuestPDF.Drawing.FontManager.<ToPaint>g__GetTypeface|15_1(TextStyle style)
   at QuestPDF.Drawing.FontManager.<ToPaint>g__Convert|15_0(TextStyle style)
   at System.Collections.Concurrent.ConcurrentDictionary`2.GetOrAdd(TKey key, Func`2 valueFactory)
   at QuestPDF.Drawing.FontManager.ToPaint(TextStyle style)
   at QuestPDF.Drawing.FontManager.<>c.<ToFont>b__19_0(TextStyle key)
   at System.Collections.Concurrent.ConcurrentDictionary`2.GetOrAdd(TKey key, Func`2 valueFactory)
   at QuestPDF.Drawing.FontManager.ToFont(TextStyle style)
   at QuestPDF.Elements.Text.FontFallback.<SplitWithFontFallback>g__GetFallbackOptions|4_0(TextStyle textStyle)+MoveNext()
   at System.Collections.Generic.LargeArrayBuilder`1.AddRange(IEnumerable`1 items)
   at System.Collections.Generic.EnumerableHelpers.ToArray[T](IEnumerable`1 source)
   at QuestPDF.Elements.Text.FontFallback.SplitWithFontFallback(String text, TextStyle textStyle)+MoveNext()
   at QuestPDF.Elements.Text.FontFallback.ApplyFontFallback(ICollection`1 textBlockItems)+MoveNext()
   at System.Collections.Generic.List`1..ctor(IEnumerable`1 collection)
   at System.Linq.Enumerable.ToList[TSource](IEnumerable`1 source)
   at QuestPDF.Elements.Text.TextBlock.<ResetState>g__ApplyFontFallback|26_1()
   at QuestPDF.Elements.Text.TextBlock.ResetState()
   at QuestPDF.Drawing.DocumentGenerator.<>c__11`1.<RenderPass>b__11_0(Element x)
   at QuestPDF.Helpers.Helpers.VisitChildren(Element element, Action`1 handler)
   at QuestPDF.Helpers.Helpers.VisitChildren(Element element, Action`1 handler)
   at QuestPDF.Helpers.Helpers.VisitChildren(Element element, Action`1 handler)
   at QuestPDF.Helpers.Helpers.VisitChildren(Element element, Action`1 handler)
   at QuestPDF.Helpers.Helpers.VisitChildren(Element element, Action`1 handler)
   at QuestPDF.Helpers.Helpers.VisitChildren(Element element, Action`1 handler)
   at QuestPDF.Helpers.Helpers.VisitChildren(Element element, Action`1 handler)
   at QuestPDF.Helpers.Helpers.VisitChildren(Element element, Action`1 handler)
   at QuestPDF.Helpers.Helpers.VisitChildren(Element element, Action`1 handler)
   at QuestPDF.Helpers.Helpers.VisitChildren(Element element, Action`1 handler)
   at QuestPDF.Helpers.Helpers.VisitChildren(Element element, Action`1 handler)
   at QuestPDF.Helpers.Helpers.VisitChildren(Element element, Action`1 handler)
   at QuestPDF.Helpers.Helpers.VisitChildren(Element element, Action`1 handler)
   at QuestPDF.Helpers.Helpers.VisitChildren(Element element, Action`1 handler)
   at QuestPDF.Helpers.Helpers.VisitChildren(Element element, Action`1 handler)
   at QuestPDF.Helpers.Helpers.VisitChildren(Element element, Action`1 handler)
   at QuestPDF.Helpers.Helpers.VisitChildren(Element element, Action`1 handler)
   at QuestPDF.Helpers.Helpers.VisitChildren(Element element, Action`1 handler)
   at QuestPDF.Helpers.Helpers.VisitChildren(Element element, Action`1 handler)
   at QuestPDF.Helpers.Helpers.VisitChildren(Element element, Action`1 handler)
   at QuestPDF.Helpers.Helpers.VisitChildren(Element element, Action`1 handler)
   at QuestPDF.Helpers.Helpers.VisitChildren(Element element, Action`1 handler)
   at QuestPDF.Helpers.Helpers.VisitChildren(Element element, Action`1 handler)
   at QuestPDF.Helpers.Helpers.VisitChildren(Element element, Action`1 handler)
   at QuestPDF.Helpers.Helpers.VisitChildren(Element element, Action`1 handler)
   at QuestPDF.Helpers.Helpers.VisitChildren(Element element, Action`1 handler)
   at QuestPDF.Helpers.Helpers.VisitChildren(Element element, Action`1 handler)
   at QuestPDF.Helpers.Helpers.VisitChildren(Element element, Action`1 handler)
   at QuestPDF.Helpers.Helpers.VisitChildren(Element element, Action`1 handler)
   at QuestPDF.Helpers.Helpers.VisitChildren(Element element, Action`1 handler)
   at QuestPDF.Helpers.Helpers.VisitChildren(Element element, Action`1 handler)
   at QuestPDF.Helpers.Helpers.VisitChildren(Element element, Action`1 handler)
   at QuestPDF.Helpers.Helpers.VisitChildren(Element element, Action`1 handler)
   at QuestPDF.Helpers.Helpers.VisitChildren(Element element, Action`1 handler)
   at QuestPDF.Drawing.DocumentGenerator.RenderPass[TCanvas](PageContext pageContext, TCanvas canvas, ContainerElement content)
   at QuestPDF.Drawing.DocumentGenerator.RenderSingleDocument[TCanvas](TCanvas canvas, IDocument document, DocumentSettings settings)
   at QuestPDF.Drawing.DocumentGenerator.RenderDocument[TCanvas](TCanvas canvas, IDocument document, DocumentSettings settings)
   at QuestPDF.Drawing.DocumentGenerator.GeneratePdf(Stream stream, IDocument document)
   at QuestPDF.Fluent.GenerateExtensions.GeneratePdf(IDocument document, Stream stream)
   at QuestPDF.Fluent.GenerateExtensions.GeneratePdf(IDocument document)
   at Proyecto.Application.Services.Implementations.ServiceReportes.VentaReporteByFechas(DateTime fechaInicial, DateTime fechaFinal) in C:\Users\Ismael\Desktop\Proyecto-Ambiente-Web2\Proyecto\Proyecto.Application\Services\Implementations\ServiceReportes.cs:line 241
   at Proyecto.Web.Controllers.ReportesController.VentasReportByFechaPDF(DateTime fechaInicial, DateTime fechaFinal) in C:\Users\Ismael\Desktop\Proyecto-Ambiente-Web2\Proyecto\Proyecto.Web\Controllers\ReportesController.cs:line 135
   at Microsoft.AspNetCore.Mvc.Infrastructure.ActionMethodExecutor.TaskOfIActionResultExecutor.Execute(ActionContext actionContext, IActionResultTypeMapper mapper, ObjectMethodExecutor executor, Object controller, Object[] arguments)
   at Microsoft.AspNetCore.Mvc.Infrastructure.ControllerActionInvoker.<InvokeActionMethodAsync>g__Logged|12_1(ControllerActionInvoker invoker)
   at Microsoft.AspNetCore.Mvc.Infrastructure.ControllerActionInvoker.<InvokeNextActionFilterAsync>g__Awaited|10_0(ControllerActionInvoker invoker, Task lastTask, State next, Scope scope, Object state, Boolean isCompleted)
   at Microsoft.AspNetCore.Mvc.Infrastructure.ControllerActionInvoker.Rethrow(ActionExecutedContextSealed context)
   at Microsoft.AspNetCore.Mvc.Infrastructure.ControllerActionInvoker.Next(State& next, Scope& scope, Object& state, Boolean& isCompleted)
   at Microsoft.AspNetCore.Mvc.Infrastructure.ControllerActionInvoker.<InvokeInnerFilterAsync>g__Awaited|13_0(ControllerActionInvoker invoker, Task lastTask, State next, Scope scope, Object state, Boolean isCompleted)
   at Microsoft.AspNetCore.Mvc.Infrastructure.ResourceInvoker.<InvokeNextResourceFilter>g__Awaited|25_0(ResourceInvoker invoker, Task lastTask, State next, Scope scope, Object state, Boolean isCompleted)
   at Microsoft.AspNetCore.Mvc.Infrastructure.ResourceInvoker.Rethrow(ResourceExecutedContextSealed context)
   at Microsoft.AspNetCore.Mvc.Infrastructure.ResourceInvoker.Next(State& next, Scope& scope, Object& state, Boolean& isCompleted)
   at Microsoft.AspNetCore.Mvc.Infrastructure.ResourceInvoker.<InvokeFilterPipelineAsync>g__Awaited|20_0(ResourceInvoker invoker, Task lastTask, State next, Scope scope, Object state, Boolean isCompleted)
   at Microsoft.AspNetCore.Mvc.Infrastructure.ResourceInvoker.<InvokeAsync>g__Logged|17_1(ResourceInvoker invoker)
   at Microsoft.AspNetCore.Mvc.Infrastructure.ResourceInvoker.<InvokeAsync>g__Logged|17_1(ResourceInvoker invoker)
   at Microsoft.AspNetCore.Routing.EndpointMiddleware.<Invoke>g__AwaitRequestTask|7_0(Endpoint endpoint, Task requestTask, ILogger logger)
   at Microsoft.AspNetCore.Antiforgery.Internal.AntiforgeryMiddleware.InvokeAwaited(HttpContext context)
   at Microsoft.AspNetCore.Authorization.AuthorizationMiddleware.Invoke(HttpContext context)
   at Serilog.AspNetCore.RequestLoggingMiddleware.Invoke(HttpContext httpContext)
   at Microsoft.AspNetCore.Diagnostics.StatusCodePagesMiddleware.Invoke(HttpContext context)
   at Proyecto.Web.Middleware.ErrorHandlingMiddleware.Invoke(HttpContext context) in C:\Users\Ismael\Desktop\Proyecto-Ambiente-Web2\Proyecto\Proyecto.Web\Middleware\ErrorHandlingMiddleware.cs:line 23

2024-04-14 19:27:47.284 -06:00 [ERR] 
EventId    :4378-240414072747
ErrorList  :Value cannot be null. (Parameter 'key')
StackTrace :   at System.ThrowHelper.ThrowArgumentNullException(String name)
   at System.Collections.Concurrent.ConcurrentDictionary`2.TryGetValue(TKey key, TValue& value)
   at QuestPDF.Drawing.FontManager.<ToPaint>g__GetTypeface|15_1(TextStyle style)
   at QuestPDF.Drawing.FontManager.<ToPaint>g__Convert|15_0(TextStyle style)
   at System.Collections.Concurrent.ConcurrentDictionary`2.GetOrAdd(TKey key, Func`2 valueFactory)
   at QuestPDF.Drawing.FontManager.ToPaint(TextStyle style)
   at QuestPDF.Drawing.FontManager.<>c.<ToFont>b__19_0(TextStyle key)
   at System.Collections.Concurrent.ConcurrentDictionary`2.GetOrAdd(TKey key, Func`2 valueFactory)
   at QuestPDF.Drawing.FontManager.ToFont(TextStyle style)
   at QuestPDF.Elements.Text.FontFallback.<SplitWithFontFallback>g__GetFallbackOptions|4_0(TextStyle textStyle)+MoveNext()
   at System.Collections.Generic.LargeArrayBuilder`1.AddRange(IEnumerable`1 items)
   at System.Collections.Generic.EnumerableHelpers.ToArray[T](IEnumerable`1 source)
   at QuestPDF.Elements.Text.FontFallback.SplitWithFontFallback(String text, TextStyle textStyle)+MoveNext()
   at QuestPDF.Elements.Text.FontFallback.ApplyFontFallback(ICollection`1 textBlockItems)+MoveNext()
   at System.Collections.Generic.List`1..ctor(IEnumerable`1 collection)
   at System.Linq.Enumerable.ToList[TSource](IEnumerable`1 source)
   at QuestPDF.Elements.Text.TextBlock.<ResetState>g__ApplyFontFallback|26_1()
   at QuestPDF.Elements.Text.TextBlock.ResetState()
   at QuestPDF.Drawing.DocumentGenerator.<>c__11`1.<RenderPass>b__11_0(Element x)
   at QuestPDF.Helpers.Helpers.VisitChildren(Element element, Action`1 handler)
   at QuestPDF.Helpers.Helpers.VisitChildren(Element element, Action`1 handler)
   at QuestPDF.Helpers.Helpers.VisitChildren(Element element, Action`1 handler)
   at QuestPDF.Helpers.Helpers.VisitChildren(Element element, Action`1 handler)
   at QuestPDF.Helpers.Helpers.VisitChildren(Element element, Action`1 handler)
   at QuestPDF.Helpers.Helpers.VisitChildren(Element element, Action`1 handler)
   at QuestPDF.Helpers.Helpers.VisitChildren(Element element, Action`1 handler)
   at QuestPDF.Helpers.Helpers.VisitChildren(Element element, Action`1 handler)
   at QuestPDF.Helpers.Helpers.VisitChildren(Element element, Action`1 handler)
   at QuestPDF.Helpers.Helpers.VisitChildren(Element element, Action`1 handler)
   at QuestPDF.Helpers.Helpers.VisitChildren(Element element, Action`1 handler)
   at QuestPDF.Helpers.Helpers.VisitChildren(Element element, Action`1 handler)
   at QuestPDF.Helpers.Helpers.VisitChildren(Element element, Action`1 handler)
   at QuestPDF.Helpers.Helpers.VisitChildren(Element element, Action`1 handler)
   at QuestPDF.Helpers.Helpers.VisitChildren(Element element, Action`1 handler)
   at QuestPDF.Helpers.Helpers.VisitChildren(Element element, Action`1 handler)
   at QuestPDF.Helpers.Helpers.VisitChildren(Element element, Action`1 handler)
   at QuestPDF.Helpers.Helpers.VisitChildren(Element element, Action`1 handler)
   at QuestPDF.Helpers.Helpers.VisitChildren(Element element, Action`1 handler)
   at QuestPDF.Helpers.Helpers.VisitChildren(Element element, Action`1 handler)
   at QuestPDF.Helpers.Helpers.VisitChildren(Element element, Action`1 handler)
   at QuestPDF.Helpers.Helpers.VisitChildren(Element element, Action`1 handler)
   at QuestPDF.Helpers.Helpers.VisitChildren(Element element, Action`1 handler)
   at QuestPDF.Helpers.Helpers.VisitChildren(Element element, Action`1 handler)
   at QuestPDF.Helpers.Helpers.VisitChildren(Element element, Action`1 handler)
   at QuestPDF.Helpers.Helpers.VisitChildren(Element element, Action`1 handler)
   at QuestPDF.Helpers.Helpers.VisitChildren(Element element, Action`1 handler)
   at QuestPDF.Helpers.Helpers.VisitChildren(Element element, Action`1 handler)
   at QuestPDF.Helpers.Helpers.VisitChildren(Element element, Action`1 handler)
   at QuestPDF.Helpers.Helpers.VisitChildren(Element element, Action`1 handler)
   at QuestPDF.Helpers.Helpers.VisitChildren(Element element, Action`1 handler)
   at QuestPDF.Helpers.Helpers.VisitChildren(Element element, Action`1 handler)
   at QuestPDF.Helpers.Helpers.VisitChildren(Element element, Action`1 handler)
   at QuestPDF.Helpers.Helpers.VisitChildren(Element element, Action`1 handler)
   at QuestPDF.Drawing.DocumentGenerator.RenderPass[TCanvas](PageContext pageContext, TCanvas canvas, ContainerElement content)
   at QuestPDF.Drawing.DocumentGenerator.RenderSingleDocument[TCanvas](TCanvas canvas, IDocument document, DocumentSettings settings)
   at QuestPDF.Drawing.DocumentGenerator.RenderDocument[TCanvas](TCanvas canvas, IDocument document, DocumentSettings settings)
   at QuestPDF.Drawing.DocumentGenerator.GeneratePdf(Stream stream, IDocument document)
   at QuestPDF.Fluent.GenerateExtensions.GeneratePdf(IDocument document, Stream stream)
   at QuestPDF.Fluent.GenerateExtensions.GeneratePdf(IDocument document)
   at Proyecto.Application.Services.Implementations.ServiceReportes.VentaReporteByFechas(DateTime fechaInicial, DateTime fechaFinal) in C:\Users\Ismael\Desktop\Proyecto-Ambiente-Web2\Proyecto\Proyecto.Application\Services\Implementations\ServiceReportes.cs:line 241
   at Proyecto.Web.Controllers.ReportesController.VentasReportByFechaPDF(DateTime fechaInicial, DateTime fechaFinal) in C:\Users\Ismael\Desktop\Proyecto-Ambiente-Web2\Proyecto\Proyecto.Web\Controllers\ReportesController.cs:line 135
   at Microsoft.AspNetCore.Mvc.Infrastructure.ActionMethodExecutor.TaskOfIActionResultExecutor.Execute(ActionContext actionContext, IActionResultTypeMapper mapper, ObjectMethodExecutor executor, Object controller, Object[] arguments)
   at Microsoft.AspNetCore.Mvc.Infrastructure.ControllerActionInvoker.<InvokeActionMethodAsync>g__Logged|12_1(ControllerActionInvoker invoker)
   at Microsoft.AspNetCore.Mvc.Infrastructure.ControllerActionInvoker.<InvokeNextActionFilterAsync>g__Awaited|10_0(ControllerActionInvoker invoker, Task lastTask, State next, Scope scope, Object state, Boolean isCompleted)
   at Microsoft.AspNetCore.Mvc.Infrastructure.ControllerActionInvoker.Rethrow(ActionExecutedContextSealed context)
   at Microsoft.AspNetCore.Mvc.Infrastructure.ControllerActionInvoker.Next(State& next, Scope& scope, Object& state, Boolean& isCompleted)
   at Microsoft.AspNetCore.Mvc.Infrastructure.ControllerActionInvoker.<InvokeInnerFilterAsync>g__Awaited|13_0(ControllerActionInvoker invoker, Task lastTask, State next, Scope scope, Object state, Boolean isCompleted)
   at Microsoft.AspNetCore.Mvc.Infrastructure.ResourceInvoker.<InvokeNextResourceFilter>g__Awaited|25_0(ResourceInvoker invoker, Task lastTask, State next, Scope scope, Object state, Boolean isCompleted)
   at Microsoft.AspNetCore.Mvc.Infrastructure.ResourceInvoker.Rethrow(ResourceExecutedContextSealed context)
   at Microsoft.AspNetCore.Mvc.Infrastructure.ResourceInvoker.Next(State& next, Scope& scope, Object& state, Boolean& isCompleted)
   at Microsoft.AspNetCore.Mvc.Infrastructure.ResourceInvoker.<InvokeFilterPipelineAsync>g__Awaited|20_0(ResourceInvoker invoker, Task lastTask, State next, Scope scope, Object state, Boolean isCompleted)
   at Microsoft.AspNetCore.Mvc.Infrastructure.ResourceInvoker.<InvokeAsync>g__Logged|17_1(ResourceInvoker invoker)
   at Microsoft.AspNetCore.Mvc.Infrastructure.ResourceInvoker.<InvokeAsync>g__Logged|17_1(ResourceInvoker invoker)
   at Microsoft.AspNetCore.Routing.EndpointMiddleware.<Invoke>g__AwaitRequestTask|7_0(Endpoint endpoint, Task requestTask, ILogger logger)
   at Microsoft.AspNetCore.Antiforgery.Internal.AntiforgeryMiddleware.InvokeAwaited(HttpContext context)
   at Microsoft.AspNetCore.Authorization.AuthorizationMiddleware.Invoke(HttpContext context)
   at Serilog.AspNetCore.RequestLoggingMiddleware.Invoke(HttpContext httpContext)
   at Microsoft.AspNetCore.Diagnostics.StatusCodePagesMiddleware.Invoke(HttpContext context)
   at Proyecto.Web.Middleware.ErrorHandlingMiddleware.Invoke(HttpContext context) in C:\Users\Ismael\Desktop\Proyecto-Ambiente-Web2\Proyecto\Proyecto.Web\Middleware\ErrorHandlingMiddleware.cs:line 23

2024-04-14 19:31:39.761 -06:00 [ERR] 
EventId    :3054-240414073139
ErrorList  :Value cannot be null. (Parameter 'key')
StackTrace :   at System.ThrowHelper.ThrowArgumentNullException(String name)
   at System.Collections.Concurrent.ConcurrentDictionary`2.TryGetValue(TKey key, TValue& value)
   at QuestPDF.Drawing.FontManager.<ToPaint>g__GetTypeface|15_1(TextStyle style)
   at QuestPDF.Drawing.FontManager.<ToPaint>g__Convert|15_0(TextStyle style)
   at System.Collections.Concurrent.ConcurrentDictionary`2.GetOrAdd(TKey key, Func`2 valueFactory)
   at QuestPDF.Drawing.FontManager.ToPaint(TextStyle style)
   at QuestPDF.Drawing.FontManager.<>c.<ToFont>b__19_0(TextStyle key)
   at System.Collections.Concurrent.ConcurrentDictionary`2.GetOrAdd(TKey key, Func`2 valueFactory)
   at QuestPDF.Drawing.FontManager.ToFont(TextStyle style)
   at QuestPDF.Elements.Text.FontFallback.<SplitWithFontFallback>g__GetFallbackOptions|4_0(TextStyle textStyle)+MoveNext()
   at System.Collections.Generic.LargeArrayBuilder`1.AddRange(IEnumerable`1 items)
   at System.Collections.Generic.EnumerableHelpers.ToArray[T](IEnumerable`1 source)
   at QuestPDF.Elements.Text.FontFallback.SplitWithFontFallback(String text, TextStyle textStyle)+MoveNext()
   at QuestPDF.Elements.Text.FontFallback.ApplyFontFallback(ICollection`1 textBlockItems)+MoveNext()
   at System.Collections.Generic.List`1..ctor(IEnumerable`1 collection)
   at System.Linq.Enumerable.ToList[TSource](IEnumerable`1 source)
   at QuestPDF.Elements.Text.TextBlock.<ResetState>g__ApplyFontFallback|26_1()
   at QuestPDF.Elements.Text.TextBlock.ResetState()
   at QuestPDF.Drawing.DocumentGenerator.<>c__11`1.<RenderPass>b__11_0(Element x)
   at QuestPDF.Helpers.Helpers.VisitChildren(Element element, Action`1 handler)
   at QuestPDF.Helpers.Helpers.VisitChildren(Element element, Action`1 handler)
   at QuestPDF.Helpers.Helpers.VisitChildren(Element element, Action`1 handler)
   at QuestPDF.Helpers.Helpers.VisitChildren(Element element, Action`1 handler)
   at QuestPDF.Helpers.Helpers.VisitChildren(Element element, Action`1 handler)
   at QuestPDF.Helpers.Helpers.VisitChildren(Element element, Action`1 handler)
   at QuestPDF.Helpers.Helpers.VisitChildren(Element element, Action`1 handler)
   at QuestPDF.Helpers.Helpers.VisitChildren(Element element, Action`1 handler)
   at QuestPDF.Helpers.Helpers.VisitChildren(Element element, Action`1 handler)
   at QuestPDF.Helpers.Helpers.VisitChildren(Element element, Action`1 handler)
   at QuestPDF.Helpers.Helpers.VisitChildren(Element element, Action`1 handler)
   at QuestPDF.Helpers.Helpers.VisitChildren(Element element, Action`1 handler)
   at QuestPDF.Helpers.Helpers.VisitChildren(Element element, Action`1 handler)
   at QuestPDF.Helpers.Helpers.VisitChildren(Element element, Action`1 handler)
   at QuestPDF.Helpers.Helpers.VisitChildren(Element element, Action`1 handler)
   at QuestPDF.Helpers.Helpers.VisitChildren(Element element, Action`1 handler)
   at QuestPDF.Helpers.Helpers.VisitChildren(Element element, Action`1 handler)
   at QuestPDF.Helpers.Helpers.VisitChildren(Element element, Action`1 handler)
   at QuestPDF.Helpers.Helpers.VisitChildren(Element element, Action`1 handler)
   at QuestPDF.Helpers.Helpers.VisitChildren(Element element, Action`1 handler)
   at QuestPDF.Helpers.Helpers.VisitChildren(Element element, Action`1 handler)
   at QuestPDF.Helpers.Helpers.VisitChildren(Element element, Action`1 handler)
   at QuestPDF.Helpers.Helpers.VisitChildren(Element element, Action`1 handler)
   at QuestPDF.Helpers.Helpers.VisitChildren(Element element, Action`1 handler)
   at QuestPDF.Helpers.Helpers.VisitChildren(Element element, Action`1 handler)
   at QuestPDF.Helpers.Helpers.VisitChildren(Element element, Action`1 handler)
   at QuestPDF.Helpers.Helpers.VisitChildren(Element element, Action`1 handler)
   at QuestPDF.Helpers.Helpers.VisitChildren(Element element, Action`1 handler)
   at QuestPDF.Helpers.Helpers.VisitChildren(Element element, Action`1 handler)
   at QuestPDF.Helpers.Helpers.VisitChildren(Element element, Action`1 handler)
   at QuestPDF.Helpers.Helpers.VisitChildren(Element element, Action`1 handler)
   at QuestPDF.Helpers.Helpers.VisitChildren(Element element, Action`1 handler)
   at QuestPDF.Helpers.Helpers.VisitChildren(Element element, Action`1 handler)
   at QuestPDF.Helpers.Helpers.VisitChildren(Element element, Action`1 handler)
   at QuestPDF.Drawing.DocumentGenerator.RenderPass[TCanvas](PageContext pageContext, TCanvas canvas, ContainerElement content)
   at QuestPDF.Drawing.DocumentGenerator.RenderSingleDocument[TCanvas](TCanvas canvas, IDocument document, DocumentSettings settings)
   at QuestPDF.Drawing.DocumentGenerator.RenderDocument[TCanvas](TCanvas canvas, IDocument document, DocumentSettings settings)
   at QuestPDF.Drawing.DocumentGenerator.GeneratePdf(Stream stream, IDocument document)
   at QuestPDF.Fluent.GenerateExtensions.GeneratePdf(IDocument document, Stream stream)
   at QuestPDF.Fluent.GenerateExtensions.GeneratePdf(IDocument document)
   at Proyecto.Application.Services.Implementations.ServiceReportes.VentaReporteByFechas(DateTime fechaInicial, DateTime fechaFinal) in C:\Users\Ismael\Desktop\Proyecto-Ambiente-Web2\Proyecto\Proyecto.Application\Services\Implementations\ServiceReportes.cs:line 241
   at Proyecto.Web.Controllers.ReportesController.VentasReportByFechaPDF(DateTime fechaInicial, DateTime fechaFinal) in C:\Users\Ismael\Desktop\Proyecto-Ambiente-Web2\Proyecto\Proyecto.Web\Controllers\ReportesController.cs:line 135
   at Microsoft.AspNetCore.Mvc.Infrastructure.ActionMethodExecutor.TaskOfIActionResultExecutor.Execute(ActionContext actionContext, IActionResultTypeMapper mapper, ObjectMethodExecutor executor, Object controller, Object[] arguments)
   at Microsoft.AspNetCore.Mvc.Infrastructure.ControllerActionInvoker.<InvokeActionMethodAsync>g__Logged|12_1(ControllerActionInvoker invoker)
   at Microsoft.AspNetCore.Mvc.Infrastructure.ControllerActionInvoker.<InvokeNextActionFilterAsync>g__Awaited|10_0(ControllerActionInvoker invoker, Task lastTask, State next, Scope scope, Object state, Boolean isCompleted)
   at Microsoft.AspNetCore.Mvc.Infrastructure.ControllerActionInvoker.Rethrow(ActionExecutedContextSealed context)
   at Microsoft.AspNetCore.Mvc.Infrastructure.ControllerActionInvoker.Next(State& next, Scope& scope, Object& state, Boolean& isCompleted)
   at Microsoft.AspNetCore.Mvc.Infrastructure.ControllerActionInvoker.<InvokeInnerFilterAsync>g__Awaited|13_0(ControllerActionInvoker invoker, Task lastTask, State next, Scope scope, Object state, Boolean isCompleted)
   at Microsoft.AspNetCore.Mvc.Infrastructure.ResourceInvoker.<InvokeNextResourceFilter>g__Awaited|25_0(ResourceInvoker invoker, Task lastTask, State next, Scope scope, Object state, Boolean isCompleted)
   at Microsoft.AspNetCore.Mvc.Infrastructure.ResourceInvoker.Rethrow(ResourceExecutedContextSealed context)
   at Microsoft.AspNetCore.Mvc.Infrastructure.ResourceInvoker.Next(State& next, Scope& scope, Object& state, Boolean& isCompleted)
   at Microsoft.AspNetCore.Mvc.Infrastructure.ResourceInvoker.<InvokeFilterPipelineAsync>g__Awaited|20_0(ResourceInvoker invoker, Task lastTask, State next, Scope scope, Object state, Boolean isCompleted)
   at Microsoft.AspNetCore.Mvc.Infrastructure.ResourceInvoker.<InvokeAsync>g__Logged|17_1(ResourceInvoker invoker)
   at Microsoft.AspNetCore.Mvc.Infrastructure.ResourceInvoker.<InvokeAsync>g__Logged|17_1(ResourceInvoker invoker)
   at Microsoft.AspNetCore.Routing.EndpointMiddleware.<Invoke>g__AwaitRequestTask|7_0(Endpoint endpoint, Task requestTask, ILogger logger)
   at Microsoft.AspNetCore.Antiforgery.Internal.AntiforgeryMiddleware.InvokeAwaited(HttpContext context)
   at Microsoft.AspNetCore.Authorization.AuthorizationMiddleware.Invoke(HttpContext context)
   at Serilog.AspNetCore.RequestLoggingMiddleware.Invoke(HttpContext httpContext)
   at Microsoft.AspNetCore.Diagnostics.StatusCodePagesMiddleware.Invoke(HttpContext context)
   at Proyecto.Web.Middleware.ErrorHandlingMiddleware.Invoke(HttpContext context) in C:\Users\Ismael\Desktop\Proyecto-Ambiente-Web2\Proyecto\Proyecto.Web\Middleware\ErrorHandlingMiddleware.cs:line 23

2024-04-14 19:33:03.864 -06:00 [ERR] 
EventId    :429-240414073302
ErrorList  :Value cannot be null. (Parameter 'key')
StackTrace :   at System.ThrowHelper.ThrowArgumentNullException(String name)
   at System.Collections.Concurrent.ConcurrentDictionary`2.TryGetValue(TKey key, TValue& value)
   at QuestPDF.Drawing.FontManager.<ToPaint>g__GetTypeface|15_1(TextStyle style)
   at QuestPDF.Drawing.FontManager.<ToPaint>g__Convert|15_0(TextStyle style)
   at System.Collections.Concurrent.ConcurrentDictionary`2.GetOrAdd(TKey key, Func`2 valueFactory)
   at QuestPDF.Drawing.FontManager.ToPaint(TextStyle style)
   at QuestPDF.Drawing.FontManager.<>c.<ToFont>b__19_0(TextStyle key)
   at System.Collections.Concurrent.ConcurrentDictionary`2.GetOrAdd(TKey key, Func`2 valueFactory)
   at QuestPDF.Drawing.FontManager.ToFont(TextStyle style)
   at QuestPDF.Elements.Text.FontFallback.<SplitWithFontFallback>g__GetFallbackOptions|4_0(TextStyle textStyle)+MoveNext()
   at System.Collections.Generic.LargeArrayBuilder`1.AddRange(IEnumerable`1 items)
   at System.Collections.Generic.EnumerableHelpers.ToArray[T](IEnumerable`1 source)
   at QuestPDF.Elements.Text.FontFallback.SplitWithFontFallback(String text, TextStyle textStyle)+MoveNext()
   at QuestPDF.Elements.Text.FontFallback.ApplyFontFallback(ICollection`1 textBlockItems)+MoveNext()
   at System.Collections.Generic.List`1..ctor(IEnumerable`1 collection)
   at System.Linq.Enumerable.ToList[TSource](IEnumerable`1 source)
   at QuestPDF.Elements.Text.TextBlock.<ResetState>g__ApplyFontFallback|26_1()
   at QuestPDF.Elements.Text.TextBlock.ResetState()
   at QuestPDF.Drawing.DocumentGenerator.<>c__11`1.<RenderPass>b__11_0(Element x)
   at QuestPDF.Helpers.Helpers.VisitChildren(Element element, Action`1 handler)
   at QuestPDF.Helpers.Helpers.VisitChildren(Element element, Action`1 handler)
   at QuestPDF.Helpers.Helpers.VisitChildren(Element element, Action`1 handler)
   at QuestPDF.Helpers.Helpers.VisitChildren(Element element, Action`1 handler)
   at QuestPDF.Helpers.Helpers.VisitChildren(Element element, Action`1 handler)
   at QuestPDF.Helpers.Helpers.VisitChildren(Element element, Action`1 handler)
   at QuestPDF.Helpers.Helpers.VisitChildren(Element element, Action`1 handler)
   at QuestPDF.Helpers.Helpers.VisitChildren(Element element, Action`1 handler)
   at QuestPDF.Helpers.Helpers.VisitChildren(Element element, Action`1 handler)
   at QuestPDF.Helpers.Helpers.VisitChildren(Element element, Action`1 handler)
   at QuestPDF.Helpers.Helpers.VisitChildren(Element element, Action`1 handler)
   at QuestPDF.Helpers.Helpers.VisitChildren(Element element, Action`1 handler)
   at QuestPDF.Helpers.Helpers.VisitChildren(Element element, Action`1 handler)
   at QuestPDF.Helpers.Helpers.VisitChildren(Element element, Action`1 handler)
   at QuestPDF.Helpers.Helpers.VisitChildren(Element element, Action`1 handler)
   at QuestPDF.Helpers.Helpers.VisitChildren(Element element, Action`1 handler)
   at QuestPDF.Helpers.Helpers.VisitChildren(Element element, Action`1 handler)
   at QuestPDF.Helpers.Helpers.VisitChildren(Element element, Action`1 handler)
   at QuestPDF.Helpers.Helpers.VisitChildren(Element element, Action`1 handler)
   at QuestPDF.Helpers.Helpers.VisitChildren(Element element, Action`1 handler)
   at QuestPDF.Helpers.Helpers.VisitChildren(Element element, Action`1 handler)
   at QuestPDF.Helpers.Helpers.VisitChildren(Element element, Action`1 handler)
   at QuestPDF.Helpers.Helpers.VisitChildren(Element element, Action`1 handler)
   at QuestPDF.Helpers.Helpers.VisitChildren(Element element, Action`1 handler)
   at QuestPDF.Helpers.Helpers.VisitChildren(Element element, Action`1 handler)
   at QuestPDF.Helpers.Helpers.VisitChildren(Element element, Action`1 handler)
   at QuestPDF.Helpers.Helpers.VisitChildren(Element element, Action`1 handler)
   at QuestPDF.Helpers.Helpers.VisitChildren(Element element, Action`1 handler)
   at QuestPDF.Helpers.Helpers.VisitChildren(Element element, Action`1 handler)
   at QuestPDF.Helpers.Helpers.VisitChildren(Element element, Action`1 handler)
   at QuestPDF.Helpers.Helpers.VisitChildren(Element element, Action`1 handler)
   at QuestPDF.Helpers.Helpers.VisitChildren(Element element, Action`1 handler)
   at QuestPDF.Helpers.Helpers.VisitChildren(Element element, Action`1 handler)
   at QuestPDF.Helpers.Helpers.VisitChildren(Element element, Action`1 handler)
   at QuestPDF.Helpers.Helpers.VisitChildren(Element element, Action`1 handler)
   at QuestPDF.Drawing.DocumentGenerator.RenderPass[TCanvas](PageContext pageContext, TCanvas canvas, ContainerElement content)
   at QuestPDF.Drawing.DocumentGenerator.RenderSingleDocument[TCanvas](TCanvas canvas, IDocument document, DocumentSettings settings)
   at QuestPDF.Drawing.DocumentGenerator.RenderDocument[TCanvas](TCanvas canvas, IDocument document, DocumentSettings settings)
   at QuestPDF.Drawing.DocumentGenerator.GeneratePdf(Stream stream, IDocument document)
   at QuestPDF.Fluent.GenerateExtensions.GeneratePdf(IDocument document, Stream stream)
   at QuestPDF.Fluent.GenerateExtensions.GeneratePdf(IDocument document)
   at Proyecto.Application.Services.Implementations.ServiceReportes.VentaReporteByFechas(DateTime fechaInicial, DateTime fechaFinal) in C:\Users\Ismael\Desktop\Proyecto-Ambiente-Web2\Proyecto\Proyecto.Application\Services\Implementations\ServiceReportes.cs:line 241
   at Proyecto.Web.Controllers.ReportesController.VentasReportByFechaPDF(DateTime fechaInicial, DateTime fechaFinal) in C:\Users\Ismael\Desktop\Proyecto-Ambiente-Web2\Proyecto\Proyecto.Web\Controllers\ReportesController.cs:line 135
   at Microsoft.AspNetCore.Mvc.Infrastructure.ActionMethodExecutor.TaskOfIActionResultExecutor.Execute(ActionContext actionContext, IActionResultTypeMapper mapper, ObjectMethodExecutor executor, Object controller, Object[] arguments)
   at Microsoft.AspNetCore.Mvc.Infrastructure.ControllerActionInvoker.<InvokeActionMethodAsync>g__Logged|12_1(ControllerActionInvoker invoker)
   at Microsoft.AspNetCore.Mvc.Infrastructure.ControllerActionInvoker.<InvokeNextActionFilterAsync>g__Awaited|10_0(ControllerActionInvoker invoker, Task lastTask, State next, Scope scope, Object state, Boolean isCompleted)
   at Microsoft.AspNetCore.Mvc.Infrastructure.ControllerActionInvoker.Rethrow(ActionExecutedContextSealed context)
   at Microsoft.AspNetCore.Mvc.Infrastructure.ControllerActionInvoker.Next(State& next, Scope& scope, Object& state, Boolean& isCompleted)
   at Microsoft.AspNetCore.Mvc.Infrastructure.ControllerActionInvoker.<InvokeInnerFilterAsync>g__Awaited|13_0(ControllerActionInvoker invoker, Task lastTask, State next, Scope scope, Object state, Boolean isCompleted)
   at Microsoft.AspNetCore.Mvc.Infrastructure.ResourceInvoker.<InvokeNextResourceFilter>g__Awaited|25_0(ResourceInvoker invoker, Task lastTask, State next, Scope scope, Object state, Boolean isCompleted)
   at Microsoft.AspNetCore.Mvc.Infrastructure.ResourceInvoker.Rethrow(ResourceExecutedContextSealed context)
   at Microsoft.AspNetCore.Mvc.Infrastructure.ResourceInvoker.Next(State& next, Scope& scope, Object& state, Boolean& isCompleted)
   at Microsoft.AspNetCore.Mvc.Infrastructure.ResourceInvoker.<InvokeFilterPipelineAsync>g__Awaited|20_0(ResourceInvoker invoker, Task lastTask, State next, Scope scope, Object state, Boolean isCompleted)
   at Microsoft.AspNetCore.Mvc.Infrastructure.ResourceInvoker.<InvokeAsync>g__Logged|17_1(ResourceInvoker invoker)
   at Microsoft.AspNetCore.Mvc.Infrastructure.ResourceInvoker.<InvokeAsync>g__Logged|17_1(ResourceInvoker invoker)
   at Microsoft.AspNetCore.Routing.EndpointMiddleware.<Invoke>g__AwaitRequestTask|7_0(Endpoint endpoint, Task requestTask, ILogger logger)
   at Microsoft.AspNetCore.Antiforgery.Internal.AntiforgeryMiddleware.InvokeAwaited(HttpContext context)
   at Microsoft.AspNetCore.Authorization.AuthorizationMiddleware.Invoke(HttpContext context)
   at Serilog.AspNetCore.RequestLoggingMiddleware.Invoke(HttpContext httpContext)
   at Microsoft.AspNetCore.Diagnostics.StatusCodePagesMiddleware.Invoke(HttpContext context)
   at Proyecto.Web.Middleware.ErrorHandlingMiddleware.Invoke(HttpContext context) in C:\Users\Ismael\Desktop\Proyecto-Ambiente-Web2\Proyecto\Proyecto.Web\Middleware\ErrorHandlingMiddleware.cs:line 23

2024-04-14 19:38:07.388 -06:00 [ERR] 
EventId    :3255-240414073749
ErrorList  :Value cannot be null. (Parameter 'key')
StackTrace :   at System.ThrowHelper.ThrowArgumentNullException(String name)
   at System.Collections.Concurrent.ConcurrentDictionary`2.TryGetValue(TKey key, TValue& value)
   at QuestPDF.Drawing.FontManager.<ToPaint>g__GetTypeface|15_1(TextStyle style)
   at QuestPDF.Drawing.FontManager.<ToPaint>g__Convert|15_0(TextStyle style)
   at System.Collections.Concurrent.ConcurrentDictionary`2.GetOrAdd(TKey key, Func`2 valueFactory)
   at QuestPDF.Drawing.FontManager.ToPaint(TextStyle style)
   at QuestPDF.Drawing.FontManager.<>c.<ToFont>b__19_0(TextStyle key)
   at System.Collections.Concurrent.ConcurrentDictionary`2.GetOrAdd(TKey key, Func`2 valueFactory)
   at QuestPDF.Drawing.FontManager.ToFont(TextStyle style)
   at QuestPDF.Elements.Text.FontFallback.<SplitWithFontFallback>g__GetFallbackOptions|4_0(TextStyle textStyle)+MoveNext()
   at System.Collections.Generic.LargeArrayBuilder`1.AddRange(IEnumerable`1 items)
   at System.Collections.Generic.EnumerableHelpers.ToArray[T](IEnumerable`1 source)
   at QuestPDF.Elements.Text.FontFallback.SplitWithFontFallback(String text, TextStyle textStyle)+MoveNext()
   at QuestPDF.Elements.Text.FontFallback.ApplyFontFallback(ICollection`1 textBlockItems)+MoveNext()
   at System.Collections.Generic.List`1..ctor(IEnumerable`1 collection)
   at System.Linq.Enumerable.ToList[TSource](IEnumerable`1 source)
   at QuestPDF.Elements.Text.TextBlock.<ResetState>g__ApplyFontFallback|26_1()
   at QuestPDF.Elements.Text.TextBlock.ResetState()
   at QuestPDF.Drawing.DocumentGenerator.<>c__11`1.<RenderPass>b__11_0(Element x)
   at QuestPDF.Helpers.Helpers.VisitChildren(Element element, Action`1 handler)
   at QuestPDF.Helpers.Helpers.VisitChildren(Element element, Action`1 handler)
   at QuestPDF.Helpers.Helpers.VisitChildren(Element element, Action`1 handler)
   at QuestPDF.Helpers.Helpers.VisitChildren(Element element, Action`1 handler)
   at QuestPDF.Helpers.Helpers.VisitChildren(Element element, Action`1 handler)
   at QuestPDF.Helpers.Helpers.VisitChildren(Element element, Action`1 handler)
   at QuestPDF.Helpers.Helpers.VisitChildren(Element element, Action`1 handler)
   at QuestPDF.Helpers.Helpers.VisitChildren(Element element, Action`1 handler)
   at QuestPDF.Helpers.Helpers.VisitChildren(Element element, Action`1 handler)
   at QuestPDF.Helpers.Helpers.VisitChildren(Element element, Action`1 handler)
   at QuestPDF.Helpers.Helpers.VisitChildren(Element element, Action`1 handler)
   at QuestPDF.Helpers.Helpers.VisitChildren(Element element, Action`1 handler)
   at QuestPDF.Helpers.Helpers.VisitChildren(Element element, Action`1 handler)
   at QuestPDF.Helpers.Helpers.VisitChildren(Element element, Action`1 handler)
   at QuestPDF.Helpers.Helpers.VisitChildren(Element element, Action`1 handler)
   at QuestPDF.Helpers.Helpers.VisitChildren(Element element, Action`1 handler)
   at QuestPDF.Helpers.Helpers.VisitChildren(Element element, Action`1 handler)
   at QuestPDF.Helpers.Helpers.VisitChildren(Element element, Action`1 handler)
   at QuestPDF.Helpers.Helpers.VisitChildren(Element element, Action`1 handler)
   at QuestPDF.Helpers.Helpers.VisitChildren(Element element, Action`1 handler)
   at QuestPDF.Helpers.Helpers.VisitChildren(Element element, Action`1 handler)
   at QuestPDF.Helpers.Helpers.VisitChildren(Element element, Action`1 handler)
   at QuestPDF.Helpers.Helpers.VisitChildren(Element element, Action`1 handler)
   at QuestPDF.Helpers.Helpers.VisitChildren(Element element, Action`1 handler)
   at QuestPDF.Helpers.Helpers.VisitChildren(Element element, Action`1 handler)
   at QuestPDF.Helpers.Helpers.VisitChildren(Element element, Action`1 handler)
   at QuestPDF.Helpers.Helpers.VisitChildren(Element element, Action`1 handler)
   at QuestPDF.Helpers.Helpers.VisitChildren(Element element, Action`1 handler)
   at QuestPDF.Helpers.Helpers.VisitChildren(Element element, Action`1 handler)
   at QuestPDF.Helpers.Helpers.VisitChildren(Element element, Action`1 handler)
   at QuestPDF.Helpers.Helpers.VisitChildren(Element element, Action`1 handler)
   at QuestPDF.Helpers.Helpers.VisitChildren(Element element, Action`1 handler)
   at QuestPDF.Helpers.Helpers.VisitChildren(Element element, Action`1 handler)
   at QuestPDF.Helpers.Helpers.VisitChildren(Element element, Action`1 handler)
   at QuestPDF.Drawing.DocumentGenerator.RenderPass[TCanvas](PageContext pageContext, TCanvas canvas, ContainerElement content)
   at QuestPDF.Drawing.DocumentGenerator.RenderSingleDocument[TCanvas](TCanvas canvas, IDocument document, DocumentSettings settings)
   at QuestPDF.Drawing.DocumentGenerator.RenderDocument[TCanvas](TCanvas canvas, IDocument document, DocumentSettings settings)
   at QuestPDF.Drawing.DocumentGenerator.GeneratePdf(Stream stream, IDocument document)
   at QuestPDF.Fluent.GenerateExtensions.GeneratePdf(IDocument document, Stream stream)
   at QuestPDF.Fluent.GenerateExtensions.GeneratePdf(IDocument document)
   at Proyecto.Application.Services.Implementations.ServiceReportes.VentaReporteByFechas(DateTime fechaInicial, DateTime fechaFinal) in C:\Users\Ismael\Desktop\Proyecto-Ambiente-Web2\Proyecto\Proyecto.Application\Services\Implementations\ServiceReportes.cs:line 241
   at Proyecto.Web.Controllers.ReportesController.VentasReportByFechaPDF(DateTime fechaInicial, DateTime fechaFinal) in C:\Users\Ismael\Desktop\Proyecto-Ambiente-Web2\Proyecto\Proyecto.Web\Controllers\ReportesController.cs:line 135
   at Microsoft.AspNetCore.Mvc.Infrastructure.ActionMethodExecutor.TaskOfIActionResultExecutor.Execute(ActionContext actionContext, IActionResultTypeMapper mapper, ObjectMethodExecutor executor, Object controller, Object[] arguments)
   at Microsoft.AspNetCore.Mvc.Infrastructure.ControllerActionInvoker.<InvokeActionMethodAsync>g__Logged|12_1(ControllerActionInvoker invoker)
   at Microsoft.AspNetCore.Mvc.Infrastructure.ControllerActionInvoker.<InvokeNextActionFilterAsync>g__Awaited|10_0(ControllerActionInvoker invoker, Task lastTask, State next, Scope scope, Object state, Boolean isCompleted)
   at Microsoft.AspNetCore.Mvc.Infrastructure.ControllerActionInvoker.Rethrow(ActionExecutedContextSealed context)
   at Microsoft.AspNetCore.Mvc.Infrastructure.ControllerActionInvoker.Next(State& next, Scope& scope, Object& state, Boolean& isCompleted)
   at Microsoft.AspNetCore.Mvc.Infrastructure.ControllerActionInvoker.<InvokeInnerFilterAsync>g__Awaited|13_0(ControllerActionInvoker invoker, Task lastTask, State next, Scope scope, Object state, Boolean isCompleted)
   at Microsoft.AspNetCore.Mvc.Infrastructure.ResourceInvoker.<InvokeNextResourceFilter>g__Awaited|25_0(ResourceInvoker invoker, Task lastTask, State next, Scope scope, Object state, Boolean isCompleted)
   at Microsoft.AspNetCore.Mvc.Infrastructure.ResourceInvoker.Rethrow(ResourceExecutedContextSealed context)
   at Microsoft.AspNetCore.Mvc.Infrastructure.ResourceInvoker.Next(State& next, Scope& scope, Object& state, Boolean& isCompleted)
   at Microsoft.AspNetCore.Mvc.Infrastructure.ResourceInvoker.<InvokeFilterPipelineAsync>g__Awaited|20_0(ResourceInvoker invoker, Task lastTask, State next, Scope scope, Object state, Boolean isCompleted)
   at Microsoft.AspNetCore.Mvc.Infrastructure.ResourceInvoker.<InvokeAsync>g__Logged|17_1(ResourceInvoker invoker)
   at Microsoft.AspNetCore.Mvc.Infrastructure.ResourceInvoker.<InvokeAsync>g__Logged|17_1(ResourceInvoker invoker)
   at Microsoft.AspNetCore.Routing.EndpointMiddleware.<Invoke>g__AwaitRequestTask|7_0(Endpoint endpoint, Task requestTask, ILogger logger)
   at Microsoft.AspNetCore.Antiforgery.Internal.AntiforgeryMiddleware.InvokeAwaited(HttpContext context)
   at Microsoft.AspNetCore.Authorization.AuthorizationMiddleware.Invoke(HttpContext context)
   at Serilog.AspNetCore.RequestLoggingMiddleware.Invoke(HttpContext httpContext)
   at Microsoft.AspNetCore.Diagnostics.StatusCodePagesMiddleware.Invoke(HttpContext context)
   at Proyecto.Web.Middleware.ErrorHandlingMiddleware.Invoke(HttpContext context) in C:\Users\Ismael\Desktop\Proyecto-Ambiente-Web2\Proyecto\Proyecto.Web\Middleware\ErrorHandlingMiddleware.cs:line 23

2024-04-14 23:36:58.565 -06:00 [ERR] 
EventId    :446-240414113658
ErrorList  :An item with the same key has already been added. Key: True
StackTrace :   at System.Collections.Generic.Dictionary`2.TryInsert(TKey key, TValue value, InsertionBehavior behavior)
   at System.Collections.Generic.Dictionary`2.Add(TKey key, TValue value)
   at System.Linq.Enumerable.ToDictionary[TSource,TKey,TElement](List`1 source, Func`2 keySelector, Func`2 elementSelector, IEqualityComparer`1 comparer)
   at System.Linq.Enumerable.ToDictionary[TSource,TKey,TElement](IEnumerable`1 source, Func`2 keySelector, Func`2 elementSelector, IEqualityComparer`1 comparer)
   at System.Linq.Enumerable.ToDictionary[TSource,TKey,TElement](IEnumerable`1 source, Func`2 keySelector, Func`2 elementSelector)
   at Proyecto.Web.Controllers.ReportesController.ClienteReportByNFTResult(String nombreNFT)
   at Microsoft.AspNetCore.Mvc.Infrastructure.ActionMethodExecutor.TaskOfIActionResultExecutor.Execute(ActionContext actionContext, IActionResultTypeMapper mapper, ObjectMethodExecutor executor, Object controller, Object[] arguments)
   at Microsoft.AspNetCore.Mvc.Infrastructure.ControllerActionInvoker.<InvokeActionMethodAsync>g__Logged|12_1(ControllerActionInvoker invoker)
   at Microsoft.AspNetCore.Mvc.Infrastructure.ControllerActionInvoker.<InvokeNextActionFilterAsync>g__Awaited|10_0(ControllerActionInvoker invoker, Task lastTask, State next, Scope scope, Object state, Boolean isCompleted)
   at Microsoft.AspNetCore.Mvc.Infrastructure.ControllerActionInvoker.Rethrow(ActionExecutedContextSealed context)
   at Microsoft.AspNetCore.Mvc.Infrastructure.ControllerActionInvoker.Next(State& next, Scope& scope, Object& state, Boolean& isCompleted)
   at Microsoft.AspNetCore.Mvc.Infrastructure.ControllerActionInvoker.<InvokeInnerFilterAsync>g__Awaited|13_0(ControllerActionInvoker invoker, Task lastTask, State next, Scope scope, Object state, Boolean isCompleted)
   at Microsoft.AspNetCore.Mvc.Infrastructure.ResourceInvoker.<InvokeNextResourceFilter>g__Awaited|25_0(ResourceInvoker invoker, Task lastTask, State next, Scope scope, Object state, Boolean isCompleted)
   at Microsoft.AspNetCore.Mvc.Infrastructure.ResourceInvoker.Rethrow(ResourceExecutedContextSealed context)
   at Microsoft.AspNetCore.Mvc.Infrastructure.ResourceInvoker.Next(State& next, Scope& scope, Object& state, Boolean& isCompleted)
   at Microsoft.AspNetCore.Mvc.Infrastructure.ResourceInvoker.<InvokeFilterPipelineAsync>g__Awaited|20_0(ResourceInvoker invoker, Task lastTask, State next, Scope scope, Object state, Boolean isCompleted)
   at Microsoft.AspNetCore.Mvc.Infrastructure.ResourceInvoker.<InvokeAsync>g__Logged|17_1(ResourceInvoker invoker)
   at Microsoft.AspNetCore.Mvc.Infrastructure.ResourceInvoker.<InvokeAsync>g__Logged|17_1(ResourceInvoker invoker)
   at Microsoft.AspNetCore.Routing.EndpointMiddleware.<Invoke>g__AwaitRequestTask|7_0(Endpoint endpoint, Task requestTask, ILogger logger)
   at Microsoft.AspNetCore.Authorization.AuthorizationMiddleware.Invoke(HttpContext context)
   at Serilog.AspNetCore.RequestLoggingMiddleware.Invoke(HttpContext httpContext)
   at Microsoft.AspNetCore.Diagnostics.StatusCodePagesMiddleware.Invoke(HttpContext context)
   at Proyecto.Web.Middleware.ErrorHandlingMiddleware.Invoke(HttpContext context)

2024-04-14 23:37:25.192 -06:00 [ERR] 
EventId    :2684-240414113725
ErrorList  :An item with the same key has already been added. Key: True
StackTrace :   at System.Collections.Generic.Dictionary`2.TryInsert(TKey key, TValue value, InsertionBehavior behavior)
   at System.Collections.Generic.Dictionary`2.Add(TKey key, TValue value)
   at System.Linq.Enumerable.ToDictionary[TSource,TKey,TElement](List`1 source, Func`2 keySelector, Func`2 elementSelector, IEqualityComparer`1 comparer)
   at System.Linq.Enumerable.ToDictionary[TSource,TKey,TElement](IEnumerable`1 source, Func`2 keySelector, Func`2 elementSelector, IEqualityComparer`1 comparer)
   at System.Linq.Enumerable.ToDictionary[TSource,TKey,TElement](IEnumerable`1 source, Func`2 keySelector, Func`2 elementSelector)
   at Proyecto.Web.Controllers.ReportesController.ClienteReportByNFTResult(String nombreNFT)
   at Microsoft.AspNetCore.Mvc.Infrastructure.ActionMethodExecutor.TaskOfIActionResultExecutor.Execute(ActionContext actionContext, IActionResultTypeMapper mapper, ObjectMethodExecutor executor, Object controller, Object[] arguments)
   at Microsoft.AspNetCore.Mvc.Infrastructure.ControllerActionInvoker.<InvokeActionMethodAsync>g__Logged|12_1(ControllerActionInvoker invoker)
   at Microsoft.AspNetCore.Mvc.Infrastructure.ControllerActionInvoker.<InvokeNextActionFilterAsync>g__Awaited|10_0(ControllerActionInvoker invoker, Task lastTask, State next, Scope scope, Object state, Boolean isCompleted)
   at Microsoft.AspNetCore.Mvc.Infrastructure.ControllerActionInvoker.Rethrow(ActionExecutedContextSealed context)
   at Microsoft.AspNetCore.Mvc.Infrastructure.ControllerActionInvoker.Next(State& next, Scope& scope, Object& state, Boolean& isCompleted)
   at Microsoft.AspNetCore.Mvc.Infrastructure.ControllerActionInvoker.<InvokeInnerFilterAsync>g__Awaited|13_0(ControllerActionInvoker invoker, Task lastTask, State next, Scope scope, Object state, Boolean isCompleted)
   at Microsoft.AspNetCore.Mvc.Infrastructure.ResourceInvoker.<InvokeNextResourceFilter>g__Awaited|25_0(ResourceInvoker invoker, Task lastTask, State next, Scope scope, Object state, Boolean isCompleted)
   at Microsoft.AspNetCore.Mvc.Infrastructure.ResourceInvoker.Rethrow(ResourceExecutedContextSealed context)
   at Microsoft.AspNetCore.Mvc.Infrastructure.ResourceInvoker.Next(State& next, Scope& scope, Object& state, Boolean& isCompleted)
   at Microsoft.AspNetCore.Mvc.Infrastructure.ResourceInvoker.<InvokeFilterPipelineAsync>g__Awaited|20_0(ResourceInvoker invoker, Task lastTask, State next, Scope scope, Object state, Boolean isCompleted)
   at Microsoft.AspNetCore.Mvc.Infrastructure.ResourceInvoker.<InvokeAsync>g__Logged|17_1(ResourceInvoker invoker)
   at Microsoft.AspNetCore.Mvc.Infrastructure.ResourceInvoker.<InvokeAsync>g__Logged|17_1(ResourceInvoker invoker)
   at Microsoft.AspNetCore.Routing.EndpointMiddleware.<Invoke>g__AwaitRequestTask|7_0(Endpoint endpoint, Task requestTask, ILogger logger)
   at Microsoft.AspNetCore.Authorization.AuthorizationMiddleware.Invoke(HttpContext context)
   at Serilog.AspNetCore.RequestLoggingMiddleware.Invoke(HttpContext httpContext)
   at Microsoft.AspNetCore.Diagnostics.StatusCodePagesMiddleware.Invoke(HttpContext context)
   at Proyecto.Web.Middleware.ErrorHandlingMiddleware.Invoke(HttpContext context)

2024-04-14 23:37:32.681 -06:00 [ERR] 
EventId    :1509-240414113732
ErrorList  :An item with the same key has already been added. Key: True
StackTrace :   at System.Collections.Generic.Dictionary`2.TryInsert(TKey key, TValue value, InsertionBehavior behavior)
   at System.Collections.Generic.Dictionary`2.Add(TKey key, TValue value)
   at System.Linq.Enumerable.ToDictionary[TSource,TKey,TElement](List`1 source, Func`2 keySelector, Func`2 elementSelector, IEqualityComparer`1 comparer)
   at System.Linq.Enumerable.ToDictionary[TSource,TKey,TElement](IEnumerable`1 source, Func`2 keySelector, Func`2 elementSelector, IEqualityComparer`1 comparer)
   at System.Linq.Enumerable.ToDictionary[TSource,TKey,TElement](IEnumerable`1 source, Func`2 keySelector, Func`2 elementSelector)
   at Proyecto.Web.Controllers.ReportesController.ClienteReportByNFTResult(String nombreNFT)
   at Microsoft.AspNetCore.Mvc.Infrastructure.ActionMethodExecutor.TaskOfIActionResultExecutor.Execute(ActionContext actionContext, IActionResultTypeMapper mapper, ObjectMethodExecutor executor, Object controller, Object[] arguments)
   at Microsoft.AspNetCore.Mvc.Infrastructure.ControllerActionInvoker.<InvokeActionMethodAsync>g__Logged|12_1(ControllerActionInvoker invoker)
   at Microsoft.AspNetCore.Mvc.Infrastructure.ControllerActionInvoker.<InvokeNextActionFilterAsync>g__Awaited|10_0(ControllerActionInvoker invoker, Task lastTask, State next, Scope scope, Object state, Boolean isCompleted)
   at Microsoft.AspNetCore.Mvc.Infrastructure.ControllerActionInvoker.Rethrow(ActionExecutedContextSealed context)
   at Microsoft.AspNetCore.Mvc.Infrastructure.ControllerActionInvoker.Next(State& next, Scope& scope, Object& state, Boolean& isCompleted)
   at Microsoft.AspNetCore.Mvc.Infrastructure.ControllerActionInvoker.<InvokeInnerFilterAsync>g__Awaited|13_0(ControllerActionInvoker invoker, Task lastTask, State next, Scope scope, Object state, Boolean isCompleted)
   at Microsoft.AspNetCore.Mvc.Infrastructure.ResourceInvoker.<InvokeNextResourceFilter>g__Awaited|25_0(ResourceInvoker invoker, Task lastTask, State next, Scope scope, Object state, Boolean isCompleted)
   at Microsoft.AspNetCore.Mvc.Infrastructure.ResourceInvoker.Rethrow(ResourceExecutedContextSealed context)
   at Microsoft.AspNetCore.Mvc.Infrastructure.ResourceInvoker.Next(State& next, Scope& scope, Object& state, Boolean& isCompleted)
   at Microsoft.AspNetCore.Mvc.Infrastructure.ResourceInvoker.<InvokeFilterPipelineAsync>g__Awaited|20_0(ResourceInvoker invoker, Task lastTask, State next, Scope scope, Object state, Boolean isCompleted)
   at Microsoft.AspNetCore.Mvc.Infrastructure.ResourceInvoker.<InvokeAsync>g__Logged|17_1(ResourceInvoker invoker)
   at Microsoft.AspNetCore.Mvc.Infrastructure.ResourceInvoker.<InvokeAsync>g__Logged|17_1(ResourceInvoker invoker)
   at Microsoft.AspNetCore.Routing.EndpointMiddleware.<Invoke>g__AwaitRequestTask|7_0(Endpoint endpoint, Task requestTask, ILogger logger)
   at Microsoft.AspNetCore.Authorization.AuthorizationMiddleware.Invoke(HttpContext context)
   at Serilog.AspNetCore.RequestLoggingMiddleware.Invoke(HttpContext httpContext)
   at Microsoft.AspNetCore.Diagnostics.StatusCodePagesMiddleware.Invoke(HttpContext context)
   at Proyecto.Web.Middleware.ErrorHandlingMiddleware.Invoke(HttpContext context)

2024-04-14 23:37:44.083 -06:00 [ERR] 
EventId    :2120-240414113744
ErrorList  :An item with the same key has already been added. Key: True
StackTrace :   at System.Collections.Generic.Dictionary`2.TryInsert(TKey key, TValue value, InsertionBehavior behavior)
   at System.Collections.Generic.Dictionary`2.Add(TKey key, TValue value)
   at System.Linq.Enumerable.ToDictionary[TSource,TKey,TElement](List`1 source, Func`2 keySelector, Func`2 elementSelector, IEqualityComparer`1 comparer)
   at System.Linq.Enumerable.ToDictionary[TSource,TKey,TElement](IEnumerable`1 source, Func`2 keySelector, Func`2 elementSelector, IEqualityComparer`1 comparer)
   at System.Linq.Enumerable.ToDictionary[TSource,TKey,TElement](IEnumerable`1 source, Func`2 keySelector, Func`2 elementSelector)
   at Proyecto.Web.Controllers.ReportesController.ClienteReportByNFTResult(String nombreNFT)
   at Microsoft.AspNetCore.Mvc.Infrastructure.ActionMethodExecutor.TaskOfIActionResultExecutor.Execute(ActionContext actionContext, IActionResultTypeMapper mapper, ObjectMethodExecutor executor, Object controller, Object[] arguments)
   at Microsoft.AspNetCore.Mvc.Infrastructure.ControllerActionInvoker.<InvokeActionMethodAsync>g__Logged|12_1(ControllerActionInvoker invoker)
   at Microsoft.AspNetCore.Mvc.Infrastructure.ControllerActionInvoker.<InvokeNextActionFilterAsync>g__Awaited|10_0(ControllerActionInvoker invoker, Task lastTask, State next, Scope scope, Object state, Boolean isCompleted)
   at Microsoft.AspNetCore.Mvc.Infrastructure.ControllerActionInvoker.Rethrow(ActionExecutedContextSealed context)
   at Microsoft.AspNetCore.Mvc.Infrastructure.ControllerActionInvoker.Next(State& next, Scope& scope, Object& state, Boolean& isCompleted)
   at Microsoft.AspNetCore.Mvc.Infrastructure.ControllerActionInvoker.<InvokeInnerFilterAsync>g__Awaited|13_0(ControllerActionInvoker invoker, Task lastTask, State next, Scope scope, Object state, Boolean isCompleted)
   at Microsoft.AspNetCore.Mvc.Infrastructure.ResourceInvoker.<InvokeNextResourceFilter>g__Awaited|25_0(ResourceInvoker invoker, Task lastTask, State next, Scope scope, Object state, Boolean isCompleted)
   at Microsoft.AspNetCore.Mvc.Infrastructure.ResourceInvoker.Rethrow(ResourceExecutedContextSealed context)
   at Microsoft.AspNetCore.Mvc.Infrastructure.ResourceInvoker.Next(State& next, Scope& scope, Object& state, Boolean& isCompleted)
   at Microsoft.AspNetCore.Mvc.Infrastructure.ResourceInvoker.<InvokeFilterPipelineAsync>g__Awaited|20_0(ResourceInvoker invoker, Task lastTask, State next, Scope scope, Object state, Boolean isCompleted)
   at Microsoft.AspNetCore.Mvc.Infrastructure.ResourceInvoker.<InvokeAsync>g__Logged|17_1(ResourceInvoker invoker)
   at Microsoft.AspNetCore.Mvc.Infrastructure.ResourceInvoker.<InvokeAsync>g__Logged|17_1(ResourceInvoker invoker)
   at Microsoft.AspNetCore.Routing.EndpointMiddleware.<Invoke>g__AwaitRequestTask|7_0(Endpoint endpoint, Task requestTask, ILogger logger)
   at Microsoft.AspNetCore.Authorization.AuthorizationMiddleware.Invoke(HttpContext context)
   at Serilog.AspNetCore.RequestLoggingMiddleware.Invoke(HttpContext httpContext)
   at Microsoft.AspNetCore.Diagnostics.StatusCodePagesMiddleware.Invoke(HttpContext context)
   at Proyecto.Web.Middleware.ErrorHandlingMiddleware.Invoke(HttpContext context)

