2024-04-05 22:07:48.452 -06:00 [INF] User profile is available. Using 'C:\Users\luisf\AppData\Local\ASP.NET\DataProtection-Keys' as key repository and Windows DPAPI to encrypt keys at rest.
2024-04-05 22:07:49.037 -06:00 [INF] Now listening on: https://localhost:7084
2024-04-05 22:07:49.039 -06:00 [INF] Now listening on: http://localhost:5267
2024-04-05 22:07:49.046 -06:00 [INF] Application started. Press Ctrl+C to shut down.
2024-04-05 22:07:49.051 -06:00 [INF] Hosting environment: Development
2024-04-05 22:07:49.054 -06:00 [INF] Content root path: C:\Users\luisf\Documents\Proyecto-Ambiente-Web2\Proyecto\Proyecto.Web
2024-04-05 22:07:49.993 -06:00 [INF] Request starting HTTP/2 GET https://localhost:7084/ - null null
2024-04-05 22:07:50.383 -06:00 [INF] Executing endpoint 'Proyecto.Web.Controllers.LoginController.Index (Proyecto.Web)'
2024-04-05 22:07:50.460 -06:00 [INF] Route matched with {action = "Index", controller = "Login"}. Executing controller action with signature Microsoft.AspNetCore.Mvc.IActionResult Index() on controller Proyecto.Web.Controllers.LoginController (Proyecto.Web).
2024-04-05 22:07:51.210 -06:00 [INF] Executing action method Proyecto.Web.Controllers.LoginController.Index (Proyecto.Web) - Validation state: "Valid"
2024-04-05 22:07:51.224 -06:00 [INF] Executed action method Proyecto.Web.Controllers.LoginController.Index (Proyecto.Web), returned result Microsoft.AspNetCore.Mvc.ViewResult in 0.737ms.
2024-04-05 22:07:51.245 -06:00 [INF] Executing ViewResult, running view Index.
2024-04-05 22:07:51.575 -06:00 [INF] Executed ViewResult - view Index executed in 338.1281ms.
2024-04-05 22:07:51.599 -06:00 [INF] Executed action Proyecto.Web.Controllers.LoginController.Index (Proyecto.Web) in 1132.6955ms
2024-04-05 22:07:51.603 -06:00 [INF] Executed endpoint 'Proyecto.Web.Controllers.LoginController.Index (Proyecto.Web)'
2024-04-05 22:07:51.620 -06:00 [INF] Request finished HTTP/2 GET https://localhost:7084/ - 200 null text/html; charset=utf-8 1640.7427ms
2024-04-05 22:07:51.638 -06:00 [INF] Request starting HTTP/2 GET https://localhost:7084/_framework/aspnetcore-browser-refresh.js - null null
2024-04-05 22:07:51.638 -06:00 [INF] Request starting HTTP/2 GET https://localhost:7084/MVCAjax.styles.css - null null
2024-04-05 22:07:51.671 -06:00 [INF] Request starting HTTP/2 GET https://localhost:7084/_vs/browserLink - null null
2024-04-05 22:07:51.688 -06:00 [INF] Request finished HTTP/2 GET https://localhost:7084/_framework/aspnetcore-browser-refresh.js - 200 13760 application/javascript; charset=utf-8 49.6651ms
2024-04-05 22:07:51.698 -06:00 [INF] Request finished HTTP/2 GET https://localhost:7084/MVCAjax.styles.css - 404 0 null 60.546ms
2024-04-05 22:07:51.773 -06:00 [INF] Request reached the end of the middleware pipeline without being handled by application code. Request path: GET https://localhost:7084/MVCAjax.styles.css, Response status code: 404
2024-04-05 22:07:51.870 -06:00 [INF] Request finished HTTP/2 GET https://localhost:7084/_vs/browserLink - 200 null text/javascript; charset=UTF-8 201.0146ms
2024-04-05 22:09:44.133 -06:00 [INF] Request starting HTTP/2 POST https://localhost:7084/Login/LogIn - application/x-www-form-urlencoded 209
2024-04-05 22:09:44.207 -06:00 [INF] Executing endpoint 'Proyecto.Web.Controllers.LoginController.LogIn (Proyecto.Web)'
2024-04-05 22:09:44.233 -06:00 [INF] Route matched with {action = "LogIn", controller = "Login"}. Executing controller action with signature System.Threading.Tasks.Task`1[Microsoft.AspNetCore.Mvc.IActionResult] LogIn(Proyecto.Web.ViewModels.ViewModelLogin) on controller Proyecto.Web.Controllers.LoginController (Proyecto.Web).
2024-04-05 22:09:44.339 -06:00 [INF] Executing action method Proyecto.Web.Controllers.LoginController.LogIn (Proyecto.Web) - Validation state: "Valid"
2024-04-05 22:12:20.024 -06:00 [INF] Executed action Proyecto.Web.Controllers.LoginController.LogIn (Proyecto.Web) in 155789.2128ms
2024-04-05 22:12:20.028 -06:00 [INF] Executed endpoint 'Proyecto.Web.Controllers.LoginController.LogIn (Proyecto.Web)'
2024-04-05 22:12:23.761 -06:00 [INF] Request finished HTTP/2 POST https://localhost:7084/Login/LogIn - 302 0 null 159627.2868ms
2024-04-05 22:12:23.776 -06:00 [INF] Request starting HTTP/2 GET https://localhost:7084/Home/ErrorHandler?messagesJson={%22Path%22:%22\%22/Login/LogIn\%22%22,%22ListMessages%22:[%22Object%20reference%20not%20set%20to%20an%20instance%20of%20an%20object.%22],%22IdEvent%22:%222463-240405101223%22} - null null
2024-04-05 22:12:23.861 -06:00 [INF] Request finished HTTP/2 GET https://localhost:7084/Home/ErrorHandler?messagesJson={%22Path%22:%22\%22/Login/LogIn\%22%22,%22ListMessages%22:[%22Object%20reference%20not%20set%20to%20an%20instance%20of%20an%20object.%22],%22IdEvent%22:%222463-240405101223%22} - 404 0 null 85.6006ms
2024-04-05 22:12:23.867 -06:00 [INF] Request reached the end of the middleware pipeline without being handled by application code. Request path: GET https://localhost:7084/Home/ErrorHandler, Response status code: 404
2024-04-05 22:12:26.914 -06:00 [INF] Request starting HTTP/2 GET https://localhost:7084/ - null null
2024-04-05 22:12:26.972 -06:00 [INF] Executing endpoint 'Proyecto.Web.Controllers.LoginController.Index (Proyecto.Web)'
2024-04-05 22:12:26.974 -06:00 [INF] Route matched with {action = "Index", controller = "Login"}. Executing controller action with signature Microsoft.AspNetCore.Mvc.IActionResult Index() on controller Proyecto.Web.Controllers.LoginController (Proyecto.Web).
2024-04-05 22:12:27.016 -06:00 [INF] Executing action method Proyecto.Web.Controllers.LoginController.Index (Proyecto.Web) - Validation state: "Valid"
2024-04-05 22:12:27.018 -06:00 [INF] Executed action method Proyecto.Web.Controllers.LoginController.Index (Proyecto.Web), returned result Microsoft.AspNetCore.Mvc.ViewResult in 0.0791ms.
2024-04-05 22:12:27.024 -06:00 [INF] Executing ViewResult, running view Index.
2024-04-05 22:12:27.040 -06:00 [INF] Executed ViewResult - view Index executed in 17.0705ms.
2024-04-05 22:12:27.075 -06:00 [INF] Executed action Proyecto.Web.Controllers.LoginController.Index (Proyecto.Web) in 98.9571ms
2024-04-05 22:12:27.078 -06:00 [INF] Executed endpoint 'Proyecto.Web.Controllers.LoginController.Index (Proyecto.Web)'
2024-04-05 22:12:27.080 -06:00 [INF] Request finished HTTP/2 GET https://localhost:7084/ - 200 null text/html; charset=utf-8 166.1787ms
2024-04-05 22:12:27.125 -06:00 [INF] Request starting HTTP/2 GET https://localhost:7084/_framework/aspnetcore-browser-refresh.js - null null
2024-04-05 22:12:27.131 -06:00 [INF] Request finished HTTP/2 GET https://localhost:7084/_framework/aspnetcore-browser-refresh.js - 200 13760 application/javascript; charset=utf-8 6.2981ms
2024-04-05 22:12:32.749 -06:00 [INF] Request starting HTTP/2 POST https://localhost:7084/Login/LogIn - application/x-www-form-urlencoded 209
2024-04-05 22:12:32.801 -06:00 [INF] Executing endpoint 'Proyecto.Web.Controllers.LoginController.LogIn (Proyecto.Web)'
2024-04-05 22:12:32.805 -06:00 [INF] Route matched with {action = "LogIn", controller = "Login"}. Executing controller action with signature System.Threading.Tasks.Task`1[Microsoft.AspNetCore.Mvc.IActionResult] LogIn(Proyecto.Web.ViewModels.ViewModelLogin) on controller Proyecto.Web.Controllers.LoginController (Proyecto.Web).
2024-04-05 22:12:32.846 -06:00 [INF] Executing action method Proyecto.Web.Controllers.LoginController.LogIn (Proyecto.Web) - Validation state: "Valid"
2024-04-05 22:15:07.749 -06:00 [INF] User profile is available. Using 'C:\Users\luisf\AppData\Local\ASP.NET\DataProtection-Keys' as key repository and Windows DPAPI to encrypt keys at rest.
2024-04-05 22:15:08.382 -06:00 [INF] Now listening on: https://localhost:7084
2024-04-05 22:15:08.384 -06:00 [INF] Now listening on: http://localhost:5267
2024-04-05 22:15:08.398 -06:00 [INF] Application started. Press Ctrl+C to shut down.
2024-04-05 22:15:08.401 -06:00 [INF] Hosting environment: Development
2024-04-05 22:15:08.405 -06:00 [INF] Content root path: C:\Users\luisf\Documents\Proyecto-Ambiente-Web2\Proyecto\Proyecto.Web
2024-04-05 22:15:09.874 -06:00 [INF] Request starting HTTP/2 GET https://localhost:7084/ - null null
2024-04-05 22:15:10.345 -06:00 [INF] Executing endpoint 'Proyecto.Web.Controllers.LoginController.Index (Proyecto.Web)'
2024-04-05 22:15:10.459 -06:00 [INF] Route matched with {action = "Index", controller = "Login"}. Executing controller action with signature Microsoft.AspNetCore.Mvc.IActionResult Index() on controller Proyecto.Web.Controllers.LoginController (Proyecto.Web).
2024-04-05 22:15:11.342 -06:00 [INF] Executing action method Proyecto.Web.Controllers.LoginController.Index (Proyecto.Web) - Validation state: "Valid"
2024-04-05 22:15:11.355 -06:00 [INF] Executed action method Proyecto.Web.Controllers.LoginController.Index (Proyecto.Web), returned result Microsoft.AspNetCore.Mvc.ViewResult in 1.1193ms.
2024-04-05 22:15:11.385 -06:00 [INF] Executing ViewResult, running view Index.
2024-04-05 22:15:11.894 -06:00 [INF] Executed ViewResult - view Index executed in 515.8334ms.
2024-04-05 22:15:11.915 -06:00 [INF] Executed action Proyecto.Web.Controllers.LoginController.Index (Proyecto.Web) in 1442.605ms
2024-04-05 22:15:11.922 -06:00 [INF] Executed endpoint 'Proyecto.Web.Controllers.LoginController.Index (Proyecto.Web)'
2024-04-05 22:15:11.963 -06:00 [INF] Request finished HTTP/2 GET https://localhost:7084/ - 200 null text/html; charset=utf-8 2103.6165ms
2024-04-05 22:15:11.966 -06:00 [INF] Request starting HTTP/2 GET https://localhost:7084/MVCAjax.styles.css - null null
2024-04-05 22:15:11.966 -06:00 [INF] Request starting HTTP/2 GET https://localhost:7084/_framework/aspnetcore-browser-refresh.js - null null
2024-04-05 22:15:11.987 -06:00 [INF] Request starting HTTP/2 GET https://localhost:7084/_vs/browserLink - null null
2024-04-05 22:15:12.062 -06:00 [INF] Request finished HTTP/2 GET https://localhost:7084/_framework/aspnetcore-browser-refresh.js - 200 13760 application/javascript; charset=utf-8 97.0047ms
2024-04-05 22:15:12.067 -06:00 [INF] Request finished HTTP/2 GET https://localhost:7084/MVCAjax.styles.css - 404 0 null 101.5956ms
2024-04-05 22:15:12.096 -06:00 [INF] Request reached the end of the middleware pipeline without being handled by application code. Request path: GET https://localhost:7084/MVCAjax.styles.css, Response status code: 404
2024-04-05 22:15:12.272 -06:00 [INF] Request finished HTTP/2 GET https://localhost:7084/_vs/browserLink - 200 null text/javascript; charset=UTF-8 285.2848ms
2024-04-05 22:16:12.066 -06:00 [INF] Request starting HTTP/2 POST https://localhost:7084/Login/LogIn - application/x-www-form-urlencoded 209
2024-04-05 22:16:12.132 -06:00 [INF] Executing endpoint 'Proyecto.Web.Controllers.LoginController.LogIn (Proyecto.Web)'
2024-04-05 22:16:12.165 -06:00 [INF] Route matched with {action = "LogIn", controller = "Login"}. Executing controller action with signature System.Threading.Tasks.Task`1[Microsoft.AspNetCore.Mvc.IActionResult] LogIn(Proyecto.Web.ViewModels.ViewModelLogin) on controller Proyecto.Web.Controllers.LoginController (Proyecto.Web).
2024-04-05 22:16:12.276 -06:00 [INF] Executing action method Proyecto.Web.Controllers.LoginController.LogIn (Proyecto.Web) - Validation state: "Valid"
2024-04-05 22:19:45.984 -06:00 [INF] User profile is available. Using 'C:\Users\luisf\AppData\Local\ASP.NET\DataProtection-Keys' as key repository and Windows DPAPI to encrypt keys at rest.
2024-04-05 22:19:46.427 -06:00 [INF] Now listening on: https://localhost:7084
2024-04-05 22:19:46.431 -06:00 [INF] Now listening on: http://localhost:5267
2024-04-05 22:19:46.437 -06:00 [INF] Application started. Press Ctrl+C to shut down.
2024-04-05 22:19:46.441 -06:00 [INF] Hosting environment: Development
2024-04-05 22:19:46.442 -06:00 [INF] Content root path: C:\Users\luisf\Documents\Proyecto-Ambiente-Web2\Proyecto\Proyecto.Web
2024-04-05 22:19:48.292 -06:00 [INF] Request starting HTTP/2 GET https://localhost:7084/ - null null
2024-04-05 22:19:48.733 -06:00 [INF] Executing endpoint 'Proyecto.Web.Controllers.LoginController.Index (Proyecto.Web)'
2024-04-05 22:19:48.807 -06:00 [INF] Route matched with {action = "Index", controller = "Login"}. Executing controller action with signature Microsoft.AspNetCore.Mvc.IActionResult Index() on controller Proyecto.Web.Controllers.LoginController (Proyecto.Web).
2024-04-05 22:19:49.296 -06:00 [INF] Executing action method Proyecto.Web.Controllers.LoginController.Index (Proyecto.Web) - Validation state: "Valid"
2024-04-05 22:19:49.308 -06:00 [INF] Executed action method Proyecto.Web.Controllers.LoginController.Index (Proyecto.Web), returned result Microsoft.AspNetCore.Mvc.ViewResult in 1.5555ms.
2024-04-05 22:19:49.328 -06:00 [INF] Executing ViewResult, running view Index.
2024-04-05 22:19:49.629 -06:00 [INF] Executed ViewResult - view Index executed in 308.0439ms.
2024-04-05 22:19:49.637 -06:00 [INF] Executed action Proyecto.Web.Controllers.LoginController.Index (Proyecto.Web) in 824.0752ms
2024-04-05 22:19:49.642 -06:00 [INF] Executed endpoint 'Proyecto.Web.Controllers.LoginController.Index (Proyecto.Web)'
2024-04-05 22:19:49.655 -06:00 [INF] Request finished HTTP/2 GET https://localhost:7084/ - 200 null text/html; charset=utf-8 1377.2561ms
2024-04-05 22:19:49.678 -06:00 [INF] Request starting HTTP/2 GET https://localhost:7084/_framework/aspnetcore-browser-refresh.js - null null
2024-04-05 22:19:49.678 -06:00 [INF] Request starting HTTP/2 GET https://localhost:7084/MVCAjax.styles.css - null null
2024-04-05 22:19:49.686 -06:00 [INF] Request starting HTTP/2 GET https://localhost:7084/_vs/browserLink - null null
2024-04-05 22:19:49.717 -06:00 [INF] Request finished HTTP/2 GET https://localhost:7084/_framework/aspnetcore-browser-refresh.js - 200 13760 application/javascript; charset=utf-8 38.8034ms
2024-04-05 22:19:49.732 -06:00 [INF] Request finished HTTP/2 GET https://localhost:7084/MVCAjax.styles.css - 404 0 null 53.7889ms
2024-04-05 22:19:49.762 -06:00 [INF] Request reached the end of the middleware pipeline without being handled by application code. Request path: GET https://localhost:7084/MVCAjax.styles.css, Response status code: 404
2024-04-05 22:19:49.814 -06:00 [INF] Request finished HTTP/2 GET https://localhost:7084/_vs/browserLink - 200 null text/javascript; charset=UTF-8 130.187ms
2024-04-05 22:20:35.250 -06:00 [INF] Request starting HTTP/2 POST https://localhost:7084/Login/LogIn - application/x-www-form-urlencoded 209
2024-04-05 22:20:35.308 -06:00 [INF] Executing endpoint 'Proyecto.Web.Controllers.LoginController.LogIn (Proyecto.Web)'
2024-04-05 22:20:35.323 -06:00 [INF] Route matched with {action = "LogIn", controller = "Login"}. Executing controller action with signature System.Threading.Tasks.Task`1[Microsoft.AspNetCore.Mvc.IActionResult] LogIn(Proyecto.Web.ViewModels.ViewModelLogin) on controller Proyecto.Web.Controllers.LoginController (Proyecto.Web).
2024-04-05 22:20:35.393 -06:00 [INF] Executing action method Proyecto.Web.Controllers.LoginController.LogIn (Proyecto.Web) - Validation state: "Valid"
2024-04-05 22:21:40.351 -06:00 [INF] User profile is available. Using 'C:\Users\luisf\AppData\Local\ASP.NET\DataProtection-Keys' as key repository and Windows DPAPI to encrypt keys at rest.
2024-04-05 22:21:40.800 -06:00 [INF] Now listening on: https://localhost:7084
2024-04-05 22:21:40.803 -06:00 [INF] Now listening on: http://localhost:5267
2024-04-05 22:21:40.811 -06:00 [INF] Application started. Press Ctrl+C to shut down.
2024-04-05 22:21:40.815 -06:00 [INF] Hosting environment: Development
2024-04-05 22:21:40.819 -06:00 [INF] Content root path: C:\Users\luisf\Documents\Proyecto-Ambiente-Web2\Proyecto\Proyecto.Web
2024-04-05 22:21:42.440 -06:00 [INF] Request starting HTTP/2 GET https://localhost:7084/ - null null
2024-04-05 22:21:42.853 -06:00 [INF] Executing endpoint 'Proyecto.Web.Controllers.LoginController.Index (Proyecto.Web)'
2024-04-05 22:21:43.000 -06:00 [INF] Route matched with {action = "Index", controller = "Login"}. Executing controller action with signature Microsoft.AspNetCore.Mvc.IActionResult Index() on controller Proyecto.Web.Controllers.LoginController (Proyecto.Web).
2024-04-05 22:21:43.851 -06:00 [INF] Executing action method Proyecto.Web.Controllers.LoginController.Index (Proyecto.Web) - Validation state: "Valid"
2024-04-05 22:21:43.863 -06:00 [INF] Executed action method Proyecto.Web.Controllers.LoginController.Index (Proyecto.Web), returned result Microsoft.AspNetCore.Mvc.ViewResult in 1.7587ms.
2024-04-05 22:21:43.883 -06:00 [INF] Executing ViewResult, running view Index.
2024-04-05 22:21:44.206 -06:00 [INF] Executed ViewResult - view Index executed in 327.7061ms.
2024-04-05 22:21:44.217 -06:00 [INF] Executed action Proyecto.Web.Controllers.LoginController.Index (Proyecto.Web) in 1168.5893ms
2024-04-05 22:21:44.221 -06:00 [INF] Executed endpoint 'Proyecto.Web.Controllers.LoginController.Index (Proyecto.Web)'
2024-04-05 22:21:44.250 -06:00 [INF] Request finished HTTP/2 GET https://localhost:7084/ - 200 null text/html; charset=utf-8 1821.1005ms
2024-04-05 22:21:44.291 -06:00 [INF] Request starting HTTP/2 GET https://localhost:7084/MVCAjax.styles.css - null null
2024-04-05 22:21:44.292 -06:00 [INF] Request starting HTTP/2 GET https://localhost:7084/_framework/aspnetcore-browser-refresh.js - null null
2024-04-05 22:21:44.317 -06:00 [INF] Request starting HTTP/2 GET https://localhost:7084/_vs/browserLink - null null
2024-04-05 22:21:44.346 -06:00 [INF] Request finished HTTP/2 GET https://localhost:7084/_framework/aspnetcore-browser-refresh.js - 200 13760 application/javascript; charset=utf-8 55.1279ms
2024-04-05 22:21:44.351 -06:00 [INF] Request finished HTTP/2 GET https://localhost:7084/MVCAjax.styles.css - 404 0 null 59.8817ms
2024-04-05 22:21:44.448 -06:00 [INF] Request reached the end of the middleware pipeline without being handled by application code. Request path: GET https://localhost:7084/MVCAjax.styles.css, Response status code: 404
2024-04-05 22:21:44.564 -06:00 [INF] Request finished HTTP/2 GET https://localhost:7084/_vs/browserLink - 200 null text/javascript; charset=UTF-8 246.3608ms
2024-04-05 22:23:24.996 -06:00 [INF] Request starting HTTP/2 POST https://localhost:7084/Login/LogIn - application/x-www-form-urlencoded 209
2024-04-05 22:23:25.074 -06:00 [INF] Executing endpoint 'Proyecto.Web.Controllers.LoginController.LogIn (Proyecto.Web)'
2024-04-05 22:23:25.105 -06:00 [INF] Route matched with {action = "LogIn", controller = "Login"}. Executing controller action with signature System.Threading.Tasks.Task`1[Microsoft.AspNetCore.Mvc.IActionResult] LogIn(Proyecto.Web.ViewModels.ViewModelLogin) on controller Proyecto.Web.Controllers.LoginController (Proyecto.Web).
2024-04-05 22:23:25.247 -06:00 [INF] Executing action method Proyecto.Web.Controllers.LoginController.LogIn (Proyecto.Web) - Validation state: "Valid"
2024-04-05 22:24:17.805 -06:00 [INF] User profile is available. Using 'C:\Users\luisf\AppData\Local\ASP.NET\DataProtection-Keys' as key repository and Windows DPAPI to encrypt keys at rest.
2024-04-05 22:24:18.348 -06:00 [INF] Now listening on: https://localhost:7084
2024-04-05 22:24:18.351 -06:00 [INF] Now listening on: http://localhost:5267
2024-04-05 22:24:18.356 -06:00 [INF] Application started. Press Ctrl+C to shut down.
2024-04-05 22:24:18.358 -06:00 [INF] Hosting environment: Development
2024-04-05 22:24:18.359 -06:00 [INF] Content root path: C:\Users\luisf\Documents\Proyecto-Ambiente-Web2\Proyecto\Proyecto.Web
2024-04-05 22:24:20.095 -06:00 [INF] Request starting HTTP/2 GET https://localhost:7084/ - null null
2024-04-05 22:24:20.638 -06:00 [INF] Executing endpoint 'Proyecto.Web.Controllers.LoginController.Index (Proyecto.Web)'
2024-04-05 22:24:20.726 -06:00 [INF] Route matched with {action = "Index", controller = "Login"}. Executing controller action with signature Microsoft.AspNetCore.Mvc.IActionResult Index() on controller Proyecto.Web.Controllers.LoginController (Proyecto.Web).
2024-04-05 22:24:21.540 -06:00 [INF] Executing action method Proyecto.Web.Controllers.LoginController.Index (Proyecto.Web) - Validation state: "Valid"
2024-04-05 22:24:21.553 -06:00 [INF] Executed action method Proyecto.Web.Controllers.LoginController.Index (Proyecto.Web), returned result Microsoft.AspNetCore.Mvc.ViewResult in 1.8701ms.
2024-04-05 22:24:21.577 -06:00 [INF] Executing ViewResult, running view Index.
2024-04-05 22:24:21.885 -06:00 [INF] Executed ViewResult - view Index executed in 317.2088ms.
2024-04-05 22:24:21.898 -06:00 [INF] Executed action Proyecto.Web.Controllers.LoginController.Index (Proyecto.Web) in 1164.5142ms
2024-04-05 22:24:21.900 -06:00 [INF] Executed endpoint 'Proyecto.Web.Controllers.LoginController.Index (Proyecto.Web)'
2024-04-05 22:24:21.925 -06:00 [INF] Request finished HTTP/2 GET https://localhost:7084/ - 200 null text/html; charset=utf-8 1842.4663ms
2024-04-05 22:24:21.949 -06:00 [INF] Request starting HTTP/2 GET https://localhost:7084/_framework/aspnetcore-browser-refresh.js - null null
2024-04-05 22:24:21.950 -06:00 [INF] Request starting HTTP/2 GET https://localhost:7084/MVCAjax.styles.css - null null
2024-04-05 22:24:21.958 -06:00 [INF] Request starting HTTP/2 GET https://localhost:7084/_vs/browserLink - null null
2024-04-05 22:24:21.987 -06:00 [INF] Request finished HTTP/2 GET https://localhost:7084/_framework/aspnetcore-browser-refresh.js - 200 13760 application/javascript; charset=utf-8 39.297ms
2024-04-05 22:24:22.011 -06:00 [INF] Request finished HTTP/2 GET https://localhost:7084/MVCAjax.styles.css - 404 0 null 61.797ms
2024-04-05 22:24:22.040 -06:00 [INF] Request reached the end of the middleware pipeline without being handled by application code. Request path: GET https://localhost:7084/MVCAjax.styles.css, Response status code: 404
2024-04-05 22:24:22.110 -06:00 [INF] Request finished HTTP/2 GET https://localhost:7084/_vs/browserLink - 200 null text/javascript; charset=UTF-8 152.1803ms
2024-04-05 22:24:28.372 -06:00 [INF] Request starting HTTP/2 POST https://localhost:7084/Login/LogIn - application/x-www-form-urlencoded 209
2024-04-05 22:24:28.466 -06:00 [INF] Executing endpoint 'Proyecto.Web.Controllers.LoginController.LogIn (Proyecto.Web)'
2024-04-05 22:24:28.501 -06:00 [INF] Route matched with {action = "LogIn", controller = "Login"}. Executing controller action with signature System.Threading.Tasks.Task`1[Microsoft.AspNetCore.Mvc.IActionResult] LogIn(Proyecto.Web.ViewModels.ViewModelLogin) on controller Proyecto.Web.Controllers.LoginController (Proyecto.Web).
2024-04-05 22:24:28.630 -06:00 [INF] Executing action method Proyecto.Web.Controllers.LoginController.LogIn (Proyecto.Web) - Validation state: "Valid"
2024-04-05 22:26:28.388 -06:00 [INF] User profile is available. Using 'C:\Users\luisf\AppData\Local\ASP.NET\DataProtection-Keys' as key repository and Windows DPAPI to encrypt keys at rest.
2024-04-05 22:26:29.065 -06:00 [INF] Now listening on: https://localhost:7084
2024-04-05 22:26:29.066 -06:00 [INF] Now listening on: http://localhost:5267
2024-04-05 22:26:29.070 -06:00 [INF] Application started. Press Ctrl+C to shut down.
2024-04-05 22:26:29.072 -06:00 [INF] Hosting environment: Development
2024-04-05 22:26:29.073 -06:00 [INF] Content root path: C:\Users\luisf\Documents\Proyecto-Ambiente-Web2\Proyecto\Proyecto.Web
2024-04-05 22:26:30.837 -06:00 [INF] Request starting HTTP/2 GET https://localhost:7084/ - null null
2024-04-05 22:26:31.557 -06:00 [INF] Executing endpoint 'Proyecto.Web.Controllers.LoginController.Index (Proyecto.Web)'
2024-04-05 22:26:31.636 -06:00 [INF] Route matched with {action = "Index", controller = "Login"}. Executing controller action with signature Microsoft.AspNetCore.Mvc.IActionResult Index() on controller Proyecto.Web.Controllers.LoginController (Proyecto.Web).
2024-04-05 22:26:32.170 -06:00 [INF] Executing action method Proyecto.Web.Controllers.LoginController.Index (Proyecto.Web) - Validation state: "Valid"
2024-04-05 22:26:32.180 -06:00 [INF] Executed action method Proyecto.Web.Controllers.LoginController.Index (Proyecto.Web), returned result Microsoft.AspNetCore.Mvc.ViewResult in 1.009ms.
2024-04-05 22:26:32.200 -06:00 [INF] Executing ViewResult, running view Index.
2024-04-05 22:26:32.487 -06:00 [INF] Executed ViewResult - view Index executed in 288.0235ms.
2024-04-05 22:26:32.499 -06:00 [INF] Executed action Proyecto.Web.Controllers.LoginController.Index (Proyecto.Web) in 859.0817ms
2024-04-05 22:26:32.502 -06:00 [INF] Executed endpoint 'Proyecto.Web.Controllers.LoginController.Index (Proyecto.Web)'
2024-04-05 22:26:32.517 -06:00 [INF] Request finished HTTP/2 GET https://localhost:7084/ - 200 null text/html; charset=utf-8 1695.9428ms
2024-04-05 22:26:32.542 -06:00 [INF] Request starting HTTP/2 GET https://localhost:7084/_framework/aspnetcore-browser-refresh.js - null null
2024-04-05 22:26:32.542 -06:00 [INF] Request starting HTTP/2 GET https://localhost:7084/MVCAjax.styles.css - null null
2024-04-05 22:26:32.559 -06:00 [INF] Request starting HTTP/2 GET https://localhost:7084/_vs/browserLink - null null
2024-04-05 22:26:32.571 -06:00 [INF] Request finished HTTP/2 GET https://localhost:7084/_framework/aspnetcore-browser-refresh.js - 200 13760 application/javascript; charset=utf-8 28.962ms
2024-04-05 22:26:32.586 -06:00 [INF] Request finished HTTP/2 GET https://localhost:7084/MVCAjax.styles.css - 404 0 null 44.4773ms
2024-04-05 22:26:32.616 -06:00 [INF] Request reached the end of the middleware pipeline without being handled by application code. Request path: GET https://localhost:7084/MVCAjax.styles.css, Response status code: 404
2024-04-05 22:26:32.736 -06:00 [INF] Request finished HTTP/2 GET https://localhost:7084/_vs/browserLink - 200 null text/javascript; charset=UTF-8 176.8126ms
2024-04-05 22:27:38.240 -06:00 [INF] Request starting HTTP/2 POST https://localhost:7084/Login/LogIn - application/x-www-form-urlencoded 209
2024-04-05 22:27:38.293 -06:00 [INF] Executing endpoint 'Proyecto.Web.Controllers.LoginController.LogIn (Proyecto.Web)'
2024-04-05 22:27:38.315 -06:00 [INF] Route matched with {action = "LogIn", controller = "Login"}. Executing controller action with signature System.Threading.Tasks.Task`1[Microsoft.AspNetCore.Mvc.IActionResult] LogIn(Proyecto.Web.ViewModels.ViewModelLogin) on controller Proyecto.Web.Controllers.LoginController (Proyecto.Web).
2024-04-05 22:27:38.391 -06:00 [INF] Executing action method Proyecto.Web.Controllers.LoginController.LogIn (Proyecto.Web) - Validation state: "Valid"
2024-04-05 22:32:29.923 -06:00 [INF] User profile is available. Using 'C:\Users\luisf\AppData\Local\ASP.NET\DataProtection-Keys' as key repository and Windows DPAPI to encrypt keys at rest.
2024-04-05 22:32:30.571 -06:00 [INF] Now listening on: https://localhost:7084
2024-04-05 22:32:30.575 -06:00 [INF] Now listening on: http://localhost:5267
2024-04-05 22:32:30.580 -06:00 [INF] Application started. Press Ctrl+C to shut down.
2024-04-05 22:32:30.583 -06:00 [INF] Hosting environment: Development
2024-04-05 22:32:30.584 -06:00 [INF] Content root path: C:\Users\luisf\Documents\Proyecto-Ambiente-Web2\Proyecto\Proyecto.Web
2024-04-05 22:32:33.365 -06:00 [INF] Request starting HTTP/2 GET https://localhost:7084/ - null null
2024-04-05 22:32:33.883 -06:00 [INF] Executing endpoint 'Proyecto.Web.Controllers.LoginController.Index (Proyecto.Web)'
2024-04-05 22:32:33.966 -06:00 [INF] Route matched with {action = "Index", controller = "Login"}. Executing controller action with signature Microsoft.AspNetCore.Mvc.IActionResult Index() on controller Proyecto.Web.Controllers.LoginController (Proyecto.Web).
2024-04-05 22:32:34.667 -06:00 [INF] Executing action method Proyecto.Web.Controllers.LoginController.Index (Proyecto.Web) - Validation state: "Valid"
2024-04-05 22:32:34.679 -06:00 [INF] Executed action method Proyecto.Web.Controllers.LoginController.Index (Proyecto.Web), returned result Microsoft.AspNetCore.Mvc.ViewResult in 1.4104ms.
2024-04-05 22:32:34.702 -06:00 [INF] Executing ViewResult, running view Index.
2024-04-05 22:32:35.049 -06:00 [INF] Executed ViewResult - view Index executed in 355.2894ms.
2024-04-05 22:32:35.058 -06:00 [INF] Executed action Proyecto.Web.Controllers.LoginController.Index (Proyecto.Web) in 1086.6048ms
2024-04-05 22:32:35.063 -06:00 [INF] Executed endpoint 'Proyecto.Web.Controllers.LoginController.Index (Proyecto.Web)'
2024-04-05 22:32:35.079 -06:00 [INF] Request finished HTTP/2 GET https://localhost:7084/ - 200 null text/html; charset=utf-8 1732.1577ms
2024-04-05 22:32:35.109 -06:00 [INF] Request starting HTTP/2 GET https://localhost:7084/MVCAjax.styles.css - null null
2024-04-05 22:32:35.109 -06:00 [INF] Request starting HTTP/2 GET https://localhost:7084/_framework/aspnetcore-browser-refresh.js - null null
2024-04-05 22:32:35.112 -06:00 [INF] Request starting HTTP/2 GET https://localhost:7084/_vs/browserLink - null null
2024-04-05 22:32:35.157 -06:00 [INF] Request finished HTTP/2 GET https://localhost:7084/_framework/aspnetcore-browser-refresh.js - 200 13760 application/javascript; charset=utf-8 47.8147ms
2024-04-05 22:32:35.162 -06:00 [INF] Request finished HTTP/2 GET https://localhost:7084/MVCAjax.styles.css - 404 0 null 53.0659ms
2024-04-05 22:32:35.178 -06:00 [INF] Request reached the end of the middleware pipeline without being handled by application code. Request path: GET https://localhost:7084/MVCAjax.styles.css, Response status code: 404
2024-04-05 22:32:35.243 -06:00 [INF] Request finished HTTP/2 GET https://localhost:7084/_vs/browserLink - 200 null text/javascript; charset=UTF-8 131.7849ms
2024-04-05 22:33:02.325 -06:00 [INF] Request starting HTTP/2 POST https://localhost:7084/Login/LogIn - application/x-www-form-urlencoded 209
2024-04-05 22:33:02.383 -06:00 [INF] Executing endpoint 'Proyecto.Web.Controllers.LoginController.LogIn (Proyecto.Web)'
2024-04-05 22:33:02.409 -06:00 [INF] Route matched with {action = "LogIn", controller = "Login"}. Executing controller action with signature System.Threading.Tasks.Task`1[Microsoft.AspNetCore.Mvc.IActionResult] LogIn(Proyecto.Web.ViewModels.ViewModelLogin) on controller Proyecto.Web.Controllers.LoginController (Proyecto.Web).
2024-04-05 22:33:02.497 -06:00 [INF] Executing action method Proyecto.Web.Controllers.LoginController.LogIn (Proyecto.Web) - Validation state: "Valid"
2024-04-05 22:39:57.247 -06:00 [INF] User profile is available. Using 'C:\Users\luisf\AppData\Local\ASP.NET\DataProtection-Keys' as key repository and Windows DPAPI to encrypt keys at rest.
2024-04-05 22:39:58.354 -06:00 [INF] Now listening on: https://localhost:7084
2024-04-05 22:39:58.358 -06:00 [INF] Now listening on: http://localhost:5267
2024-04-05 22:39:58.366 -06:00 [INF] Application started. Press Ctrl+C to shut down.
2024-04-05 22:39:58.368 -06:00 [INF] Hosting environment: Development
2024-04-05 22:39:58.369 -06:00 [INF] Content root path: C:\Users\luisf\Documents\Proyecto-Ambiente-Web2\Proyecto\Proyecto.Web
2024-04-05 22:40:00.311 -06:00 [INF] Request starting HTTP/2 GET https://localhost:7084/ - null null
2024-04-05 22:40:00.904 -06:00 [INF] Executing endpoint 'Proyecto.Web.Controllers.LoginController.Index (Proyecto.Web)'
2024-04-05 22:40:01.080 -06:00 [INF] Route matched with {action = "Index", controller = "Login"}. Executing controller action with signature Microsoft.AspNetCore.Mvc.IActionResult Index() on controller Proyecto.Web.Controllers.LoginController (Proyecto.Web).
2024-04-05 22:40:01.816 -06:00 [INF] Executing action method Proyecto.Web.Controllers.LoginController.Index (Proyecto.Web) - Validation state: "Valid"
2024-04-05 22:40:01.829 -06:00 [INF] Executed action method Proyecto.Web.Controllers.LoginController.Index (Proyecto.Web), returned result Microsoft.AspNetCore.Mvc.ViewResult in 2.0444ms.
2024-04-05 22:40:01.852 -06:00 [INF] Executing ViewResult, running view Index.
2024-04-05 22:40:02.171 -06:00 [INF] Executed ViewResult - view Index executed in 323.0458ms.
2024-04-05 22:40:02.203 -06:00 [INF] Executed action Proyecto.Web.Controllers.LoginController.Index (Proyecto.Web) in 1117.2963ms
2024-04-05 22:40:02.212 -06:00 [INF] Executed endpoint 'Proyecto.Web.Controllers.LoginController.Index (Proyecto.Web)'
2024-04-05 22:40:02.277 -06:00 [INF] Request starting HTTP/2 GET https://localhost:7084/_framework/aspnetcore-browser-refresh.js - null null
2024-04-05 22:40:02.281 -06:00 [INF] Request starting HTTP/2 GET https://localhost:7084/_vs/browserLink - null null
2024-04-05 22:40:02.279 -06:00 [INF] Request starting HTTP/2 GET https://localhost:7084/MVCAjax.styles.css - null null
2024-04-05 22:40:02.311 -06:00 [INF] Request finished HTTP/2 GET https://localhost:7084/ - 200 null text/html; charset=utf-8 2054.9151ms
2024-04-05 22:40:02.323 -06:00 [INF] Request finished HTTP/2 GET https://localhost:7084/_framework/aspnetcore-browser-refresh.js - 200 13760 application/javascript; charset=utf-8 45.6183ms
2024-04-05 22:40:02.384 -06:00 [INF] Request finished HTTP/2 GET https://localhost:7084/MVCAjax.styles.css - 404 0 null 106.3422ms
2024-04-05 22:40:02.419 -06:00 [INF] Request reached the end of the middleware pipeline without being handled by application code. Request path: GET https://localhost:7084/MVCAjax.styles.css, Response status code: 404
2024-04-05 22:40:02.698 -06:00 [INF] Request finished HTTP/2 GET https://localhost:7084/_vs/browserLink - 200 null text/javascript; charset=UTF-8 417.4667ms
2024-04-05 22:40:51.273 -06:00 [INF] Request starting HTTP/2 POST https://localhost:7084/Login/LogIn - application/x-www-form-urlencoded 209
2024-04-05 22:40:51.357 -06:00 [INF] Executing endpoint 'Proyecto.Web.Controllers.LoginController.LogIn (Proyecto.Web)'
2024-04-05 22:40:51.379 -06:00 [INF] Route matched with {action = "LogIn", controller = "Login"}. Executing controller action with signature System.Threading.Tasks.Task`1[Microsoft.AspNetCore.Mvc.IActionResult] LogIn(Proyecto.Web.ViewModels.ViewModelLogin) on controller Proyecto.Web.Controllers.LoginController (Proyecto.Web).
2024-04-05 22:40:51.478 -06:00 [INF] Executing action method Proyecto.Web.Controllers.LoginController.LogIn (Proyecto.Web) - Validation state: "Valid"
2024-04-05 22:40:57.482 -06:00 [INF] Executed DbCommand (354ms) [Parameters=[@__id_0='admin' (Size = 20) (DbType = AnsiString), @__password_1='w066/Gja+QzxE463wHEofQ==' (Size = 50) (DbType = AnsiString)], CommandType='"Text"', CommandTimeout='30']
SELECT TOP(1) [u].[Login], [u].[Apellidos], [u].[Estado], [u].[IdPerfil], [u].[Nombre], [u].[Password], [p].[IdPerfil], [p].[DescripcionPerfil]
FROM [Usuario] AS [u]
INNER JOIN [Perfil] AS [p] ON [u].[IdPerfil] = [p].[IdPerfil]
WHERE [u].[Login] = @__id_0 AND [u].[Password] = @__password_1
2024-04-05 22:40:58.311 -06:00 [INF] AuthenticationScheme: Cookies signed in.
2024-04-05 22:40:58.315 -06:00 [INF] Conexion correcta de admin
2024-04-05 22:40:58.323 -06:00 [INF] Executed action method Proyecto.Web.Controllers.LoginController.LogIn (Proyecto.Web), returned result Microsoft.AspNetCore.Mvc.RedirectToActionResult in 6843.4071ms.
2024-04-05 22:40:58.338 -06:00 [INF] Executing RedirectResult, redirecting to /Home.
2024-04-05 22:40:58.344 -06:00 [INF] Executed action Proyecto.Web.Controllers.LoginController.LogIn (Proyecto.Web) in 6961.2405ms
2024-04-05 22:40:58.348 -06:00 [INF] Executed endpoint 'Proyecto.Web.Controllers.LoginController.LogIn (Proyecto.Web)'
2024-04-05 22:40:58.367 -06:00 [INF] Request starting HTTP/2 GET https://localhost:7084/Home - null null
2024-04-05 22:40:58.374 -06:00 [INF] Request finished HTTP/2 POST https://localhost:7084/Login/LogIn - 302 0 null 7100.8166ms
2024-04-05 22:40:58.474 -06:00 [INF] Executing endpoint 'Proyecto.Web.Controllers.HomeController.Index (Proyecto.Web)'
2024-04-05 22:40:58.482 -06:00 [INF] Route matched with {action = "Index", controller = "Home"}. Executing controller action with signature Microsoft.AspNetCore.Mvc.IActionResult Index() on controller Proyecto.Web.Controllers.HomeController (Proyecto.Web).
2024-04-05 22:40:58.542 -06:00 [INF] Executing action method Proyecto.Web.Controllers.HomeController.Index (Proyecto.Web) - Validation state: "Valid"
2024-04-05 22:40:58.546 -06:00 [INF] Executed action method Proyecto.Web.Controllers.HomeController.Index (Proyecto.Web), returned result Microsoft.AspNetCore.Mvc.ViewResult in 0.7875ms.
2024-04-05 22:40:58.556 -06:00 [INF] Executing ViewResult, running view Index.
2024-04-05 22:40:58.711 -06:00 [INF] Executed ViewResult - view Index executed in 159.6539ms.
2024-04-05 22:40:58.718 -06:00 [INF] Executed action Proyecto.Web.Controllers.HomeController.Index (Proyecto.Web) in 231.3798ms
2024-04-05 22:40:58.721 -06:00 [INF] Executed endpoint 'Proyecto.Web.Controllers.HomeController.Index (Proyecto.Web)'
2024-04-05 22:40:58.729 -06:00 [INF] Request finished HTTP/2 GET https://localhost:7084/Home - 200 null text/html; charset=utf-8 361.7932ms
2024-04-05 22:40:58.870 -06:00 [INF] Request starting HTTP/2 GET https://localhost:7084/_vs/browserLink - null null
2024-04-05 22:40:58.891 -06:00 [INF] Request starting HTTP/2 GET https://localhost:7084/_framework/aspnetcore-browser-refresh.js - null null
2024-04-05 22:40:58.983 -06:00 [INF] Request finished HTTP/2 GET https://localhost:7084/_framework/aspnetcore-browser-refresh.js - 200 13760 application/javascript; charset=utf-8 113.9288ms
2024-04-05 22:40:59.081 -06:00 [INF] Request finished HTTP/2 GET https://localhost:7084/_vs/browserLink - 200 null text/javascript; charset=UTF-8 211.5444ms
2024-04-05 22:41:06.569 -06:00 [INF] Request starting HTTP/2 GET https://localhost:7084/Home - null null
2024-04-05 22:41:06.618 -06:00 [INF] Executing endpoint 'Proyecto.Web.Controllers.HomeController.Index (Proyecto.Web)'
2024-04-05 22:41:06.621 -06:00 [INF] Route matched with {action = "Index", controller = "Home"}. Executing controller action with signature Microsoft.AspNetCore.Mvc.IActionResult Index() on controller Proyecto.Web.Controllers.HomeController (Proyecto.Web).
2024-04-05 22:41:06.652 -06:00 [INF] Executing action method Proyecto.Web.Controllers.HomeController.Index (Proyecto.Web) - Validation state: "Valid"
2024-04-05 22:41:06.654 -06:00 [INF] Executed action method Proyecto.Web.Controllers.HomeController.Index (Proyecto.Web), returned result Microsoft.AspNetCore.Mvc.ViewResult in 0.026ms.
2024-04-05 22:41:06.658 -06:00 [INF] Executing ViewResult, running view Index.
2024-04-05 22:41:06.667 -06:00 [INF] Executed ViewResult - view Index executed in 9.0454ms.
2024-04-05 22:41:06.671 -06:00 [INF] Executed action Proyecto.Web.Controllers.HomeController.Index (Proyecto.Web) in 48.127ms
2024-04-05 22:41:06.673 -06:00 [INF] Executed endpoint 'Proyecto.Web.Controllers.HomeController.Index (Proyecto.Web)'
2024-04-05 22:41:06.674 -06:00 [INF] Request finished HTTP/2 GET https://localhost:7084/Home - 200 null text/html; charset=utf-8 105.9999ms
2024-04-05 22:41:06.723 -06:00 [INF] Request starting HTTP/2 GET https://localhost:7084/_vs/browserLink - null null
2024-04-05 22:41:06.734 -06:00 [INF] Request starting HTTP/2 GET https://localhost:7084/_framework/aspnetcore-browser-refresh.js - null null
2024-04-05 22:41:06.748 -06:00 [INF] Request finished HTTP/2 GET https://localhost:7084/_framework/aspnetcore-browser-refresh.js - 200 13760 application/javascript; charset=utf-8 13.9536ms
2024-04-05 22:41:06.749 -06:00 [INF] Request finished HTTP/2 GET https://localhost:7084/_vs/browserLink - 200 null text/javascript; charset=UTF-8 26.2191ms
2024-04-05 22:41:19.184 -06:00 [INF] Request starting HTTP/2 GET https://localhost:7084/Factura - null null
2024-04-05 22:41:19.245 -06:00 [INF] Executing endpoint 'Proyecto.Web.Controllers.FacturaController.Index (Proyecto.Web)'
2024-04-05 22:41:19.257 -06:00 [INF] Route matched with {action = "Index", controller = "Factura"}. Executing controller action with signature System.Threading.Tasks.Task`1[Microsoft.AspNetCore.Mvc.IActionResult] Index() on controller Proyecto.Web.Controllers.FacturaController (Proyecto.Web).
2024-04-05 22:41:19.297 -06:00 [INF] Executing action method Proyecto.Web.Controllers.FacturaController.Index (Proyecto.Web) - Validation state: "Valid"
2024-04-05 22:41:19.541 -06:00 [INF] Executed DbCommand (6ms) [Parameters=[], CommandType='"Text"', CommandTimeout='30']
SELECT [t].[IdTarjeta], [t].[DescripcionTarjeta], [t].[Estado]
FROM [Tarjeta] AS [t]
2024-04-05 22:41:19.566 -06:00 [INF] Executed action method Proyecto.Web.Controllers.FacturaController.Index (Proyecto.Web), returned result Microsoft.AspNetCore.Mvc.ViewResult in 266.3725ms.
2024-04-05 22:41:19.571 -06:00 [INF] Executing ViewResult, running view Index.
2024-04-05 22:41:19.659 -06:00 [INF] Executed ViewResult - view Index executed in 89.1859ms.
2024-04-05 22:41:19.661 -06:00 [INF] Executed action Proyecto.Web.Controllers.FacturaController.Index (Proyecto.Web) in 401.892ms
2024-04-05 22:41:19.664 -06:00 [INF] Executed endpoint 'Proyecto.Web.Controllers.FacturaController.Index (Proyecto.Web)'
2024-04-05 22:41:19.671 -06:00 [INF] Request finished HTTP/2 GET https://localhost:7084/Factura - 200 null text/html; charset=utf-8 487.0143ms
2024-04-05 22:41:19.733 -06:00 [INF] Request starting HTTP/2 GET https://localhost:7084/_framework/aspnetcore-browser-refresh.js - null null
2024-04-05 22:41:19.733 -06:00 [INF] Request starting HTTP/2 GET https://localhost:7084/_vs/browserLink - null null
2024-04-05 22:41:19.745 -06:00 [INF] Request finished HTTP/2 GET https://localhost:7084/_framework/aspnetcore-browser-refresh.js - 200 13760 application/javascript; charset=utf-8 13.0392ms
2024-04-05 22:41:19.791 -06:00 [INF] Request finished HTTP/2 GET https://localhost:7084/_vs/browserLink - 200 null text/javascript; charset=UTF-8 57.3017ms
2024-04-05 23:11:54.514 -06:00 [INF] User profile is available. Using 'C:\Users\luisf\AppData\Local\ASP.NET\DataProtection-Keys' as key repository and Windows DPAPI to encrypt keys at rest.
2024-04-05 23:11:55.224 -06:00 [INF] Now listening on: https://localhost:7084
2024-04-05 23:11:55.226 -06:00 [INF] Now listening on: http://localhost:5267
2024-04-05 23:11:55.230 -06:00 [INF] Application started. Press Ctrl+C to shut down.
2024-04-05 23:11:55.232 -06:00 [INF] Hosting environment: Development
2024-04-05 23:11:55.233 -06:00 [INF] Content root path: C:\Users\luisf\Documents\Proyecto-Ambiente-Web2\Proyecto\Proyecto.Web
2024-04-05 23:11:58.494 -06:00 [INF] Request starting HTTP/2 GET https://localhost:7084/ - null null
2024-04-05 23:11:58.930 -06:00 [INF] Cookies was not authenticated. Failure message: Ticket expired
2024-04-05 23:11:59.034 -06:00 [INF] Executing endpoint 'Proyecto.Web.Controllers.LoginController.Index (Proyecto.Web)'
2024-04-05 23:11:59.176 -06:00 [INF] Route matched with {action = "Index", controller = "Login"}. Executing controller action with signature Microsoft.AspNetCore.Mvc.IActionResult Index() on controller Proyecto.Web.Controllers.LoginController (Proyecto.Web).
2024-04-05 23:11:59.954 -06:00 [INF] Executing action method Proyecto.Web.Controllers.LoginController.Index (Proyecto.Web) - Validation state: "Valid"
2024-04-05 23:11:59.971 -06:00 [INF] Executed action method Proyecto.Web.Controllers.LoginController.Index (Proyecto.Web), returned result Microsoft.AspNetCore.Mvc.ViewResult in 3.0983ms.
2024-04-05 23:12:00.005 -06:00 [INF] Executing ViewResult, running view Index.
2024-04-05 23:12:00.450 -06:00 [INF] Executed ViewResult - view Index executed in 455.2446ms.
2024-04-05 23:12:00.462 -06:00 [INF] Executed action Proyecto.Web.Controllers.LoginController.Index (Proyecto.Web) in 1280.4559ms
2024-04-05 23:12:00.465 -06:00 [INF] Executed endpoint 'Proyecto.Web.Controllers.LoginController.Index (Proyecto.Web)'
2024-04-05 23:12:00.487 -06:00 [INF] Request finished HTTP/2 GET https://localhost:7084/ - 200 null text/html; charset=utf-8 2073.7943ms
2024-04-05 23:12:00.549 -06:00 [INF] Request starting HTTP/2 GET https://localhost:7084/_vs/browserLink - null null
2024-04-05 23:12:00.549 -06:00 [INF] Request starting HTTP/2 GET https://localhost:7084/MVCAjax.styles.css - null null
2024-04-05 23:12:00.549 -06:00 [INF] Request starting HTTP/2 GET https://localhost:7084/_framework/aspnetcore-browser-refresh.js - null null
2024-04-05 23:12:00.574 -06:00 [INF] Cookies was not authenticated. Failure message: Ticket expired
2024-04-05 23:12:00.628 -06:00 [INF] Request finished HTTP/2 GET https://localhost:7084/_framework/aspnetcore-browser-refresh.js - 200 13760 application/javascript; charset=utf-8 79.1096ms
2024-04-05 23:12:00.678 -06:00 [INF] Request finished HTTP/2 GET https://localhost:7084/MVCAjax.styles.css - 404 0 null 129.8958ms
2024-04-05 23:12:00.685 -06:00 [INF] Request reached the end of the middleware pipeline without being handled by application code. Request path: GET https://localhost:7084/MVCAjax.styles.css, Response status code: 404
2024-04-05 23:12:00.809 -06:00 [INF] Request finished HTTP/2 GET https://localhost:7084/_vs/browserLink - 200 null text/javascript; charset=UTF-8 261.5763ms
2024-04-05 23:15:14.566 -06:00 [INF] User profile is available. Using 'C:\Users\luisf\AppData\Local\ASP.NET\DataProtection-Keys' as key repository and Windows DPAPI to encrypt keys at rest.
2024-04-05 23:15:15.453 -06:00 [INF] Now listening on: https://localhost:7084
2024-04-05 23:15:15.457 -06:00 [INF] Now listening on: http://localhost:5267
2024-04-05 23:15:15.475 -06:00 [INF] Application started. Press Ctrl+C to shut down.
2024-04-05 23:15:15.478 -06:00 [INF] Hosting environment: Development
2024-04-05 23:15:15.479 -06:00 [INF] Content root path: C:\Users\luisf\Documents\Proyecto-Ambiente-Web2\Proyecto\Proyecto.Web
2024-04-05 23:15:16.679 -06:00 [INF] Request starting HTTP/2 GET https://localhost:7084/ - null null
2024-04-05 23:15:17.315 -06:00 [INF] Cookies was not authenticated. Failure message: Ticket expired
2024-04-05 23:15:17.430 -06:00 [INF] Executing endpoint 'Proyecto.Web.Controllers.LoginController.Index (Proyecto.Web)'
2024-04-05 23:15:17.527 -06:00 [INF] Route matched with {action = "Index", controller = "Login"}. Executing controller action with signature Microsoft.AspNetCore.Mvc.IActionResult Index() on controller Proyecto.Web.Controllers.LoginController (Proyecto.Web).
2024-04-05 23:15:18.299 -06:00 [INF] Executing action method Proyecto.Web.Controllers.LoginController.Index (Proyecto.Web) - Validation state: "Valid"
2024-04-05 23:15:18.310 -06:00 [INF] Executed action method Proyecto.Web.Controllers.LoginController.Index (Proyecto.Web), returned result Microsoft.AspNetCore.Mvc.ViewResult in 1.3291ms.
2024-04-05 23:15:18.339 -06:00 [INF] Executing ViewResult, running view Index.
2024-04-05 23:15:18.754 -06:00 [INF] Executed ViewResult - view Index executed in 421.1868ms.
2024-04-05 23:15:18.767 -06:00 [INF] Executed action Proyecto.Web.Controllers.LoginController.Index (Proyecto.Web) in 1234.383ms
2024-04-05 23:15:18.771 -06:00 [INF] Executed endpoint 'Proyecto.Web.Controllers.LoginController.Index (Proyecto.Web)'
2024-04-05 23:15:18.792 -06:00 [INF] Request finished HTTP/2 GET https://localhost:7084/ - 200 null text/html; charset=utf-8 2124.5319ms
2024-04-05 23:15:18.809 -06:00 [INF] Request starting HTTP/2 GET https://localhost:7084/MVCAjax.styles.css - null null
2024-04-05 23:15:18.810 -06:00 [INF] Request starting HTTP/2 GET https://localhost:7084/_framework/aspnetcore-browser-refresh.js - null null
2024-04-05 23:15:18.818 -06:00 [INF] Request starting HTTP/2 GET https://localhost:7084/_vs/browserLink - null null
2024-04-05 23:15:18.825 -06:00 [INF] Cookies was not authenticated. Failure message: Ticket expired
2024-04-05 23:15:18.842 -06:00 [INF] Request finished HTTP/2 GET https://localhost:7084/_framework/aspnetcore-browser-refresh.js - 200 13760 application/javascript; charset=utf-8 31.9057ms
2024-04-05 23:15:18.875 -06:00 [INF] Request finished HTTP/2 GET https://localhost:7084/MVCAjax.styles.css - 404 0 null 65.4513ms
2024-04-05 23:15:18.909 -06:00 [INF] Request reached the end of the middleware pipeline without being handled by application code. Request path: GET https://localhost:7084/MVCAjax.styles.css, Response status code: 404
2024-04-05 23:15:19.015 -06:00 [INF] Request finished HTTP/2 GET https://localhost:7084/_vs/browserLink - 200 null text/javascript; charset=UTF-8 197.5113ms
2024-04-05 23:15:27.315 -06:00 [INF] Request starting HTTP/2 POST https://localhost:7084/Login/LogIn - application/x-www-form-urlencoded 209
2024-04-05 23:15:27.418 -06:00 [INF] Cookies was not authenticated. Failure message: Ticket expired
2024-04-05 23:15:27.425 -06:00 [INF] Executing endpoint 'Proyecto.Web.Controllers.LoginController.LogIn (Proyecto.Web)'
2024-04-05 23:15:27.473 -06:00 [INF] Route matched with {action = "LogIn", controller = "Login"}. Executing controller action with signature System.Threading.Tasks.Task`1[Microsoft.AspNetCore.Mvc.IActionResult] LogIn(Proyecto.Web.ViewModels.ViewModelLogin) on controller Proyecto.Web.Controllers.LoginController (Proyecto.Web).
2024-04-05 23:15:27.654 -06:00 [INF] Executing action method Proyecto.Web.Controllers.LoginController.LogIn (Proyecto.Web) - Validation state: "Valid"
2024-04-05 23:15:35.281 -06:00 [INF] Executed DbCommand (176ms) [Parameters=[@__id_0='admin' (Size = 20) (DbType = AnsiString), @__password_1='w066/Gja+QzxE463wHEofQ==' (Size = 50) (DbType = AnsiString)], CommandType='"Text"', CommandTimeout='30']
SELECT TOP(1) [u].[Login], [u].[Apellidos], [u].[Estado], [u].[IdPerfil], [u].[Nombre], [u].[Password], [p].[IdPerfil], [p].[DescripcionPerfil]
FROM [Usuario] AS [u]
INNER JOIN [Perfil] AS [p] ON [u].[IdPerfil] = [p].[IdPerfil]
WHERE [u].[Login] = @__id_0 AND [u].[Password] = @__password_1
2024-04-05 23:15:35.840 -06:00 [INF] AuthenticationScheme: Cookies signed in.
2024-04-05 23:15:35.842 -06:00 [INF] Conexion correcta de admin
2024-04-05 23:15:35.849 -06:00 [INF] Executed action method Proyecto.Web.Controllers.LoginController.LogIn (Proyecto.Web), returned result Microsoft.AspNetCore.Mvc.RedirectToActionResult in 8190.2662ms.
2024-04-05 23:15:35.864 -06:00 [INF] Executing RedirectResult, redirecting to /Home.
2024-04-05 23:15:35.867 -06:00 [INF] Executed action Proyecto.Web.Controllers.LoginController.LogIn (Proyecto.Web) in 8390.1525ms
2024-04-05 23:15:35.870 -06:00 [INF] Executed endpoint 'Proyecto.Web.Controllers.LoginController.LogIn (Proyecto.Web)'
2024-04-05 23:15:35.889 -06:00 [INF] Request finished HTTP/2 POST https://localhost:7084/Login/LogIn - 302 0 null 8576.857ms
2024-04-05 23:15:35.897 -06:00 [INF] Request starting HTTP/2 GET https://localhost:7084/Home - null null
2024-04-05 23:15:36.017 -06:00 [INF] Executing endpoint 'Proyecto.Web.Controllers.HomeController.Index (Proyecto.Web)'
2024-04-05 23:15:36.026 -06:00 [INF] Route matched with {action = "Index", controller = "Home"}. Executing controller action with signature Microsoft.AspNetCore.Mvc.IActionResult Index() on controller Proyecto.Web.Controllers.HomeController (Proyecto.Web).
2024-04-05 23:15:36.117 -06:00 [INF] Executing action method Proyecto.Web.Controllers.HomeController.Index (Proyecto.Web) - Validation state: "Valid"
2024-04-05 23:15:36.127 -06:00 [INF] Executed action method Proyecto.Web.Controllers.HomeController.Index (Proyecto.Web), returned result Microsoft.AspNetCore.Mvc.ViewResult in 0.7949ms.
2024-04-05 23:15:36.143 -06:00 [INF] Executing ViewResult, running view Index.
2024-04-05 23:15:36.514 -06:00 [INF] Executed ViewResult - view Index executed in 376.1442ms.
2024-04-05 23:15:36.581 -06:00 [INF] Request starting HTTP/2 GET https://localhost:7084/_vs/browserLink - null null
2024-04-05 23:15:36.581 -06:00 [INF] Request starting HTTP/2 GET https://localhost:7084/_framework/aspnetcore-browser-refresh.js - null null
2024-04-05 23:15:36.762 -06:00 [INF] Executed action Proyecto.Web.Controllers.HomeController.Index (Proyecto.Web) in 725.3943ms
2024-04-05 23:15:36.799 -06:00 [INF] Request finished HTTP/2 GET https://localhost:7084/_framework/aspnetcore-browser-refresh.js - 200 13760 application/javascript; charset=utf-8 218.2369ms
2024-04-05 23:15:36.834 -06:00 [INF] Executed endpoint 'Proyecto.Web.Controllers.HomeController.Index (Proyecto.Web)'
2024-04-05 23:15:36.851 -06:00 [INF] Request finished HTTP/2 GET https://localhost:7084/Home - 200 null text/html; charset=utf-8 953.6306ms
2024-04-05 23:15:36.870 -06:00 [INF] Request finished HTTP/2 GET https://localhost:7084/_vs/browserLink - 200 null text/javascript; charset=UTF-8 288.9685ms
2024-04-05 23:15:41.469 -06:00 [INF] Request starting HTTP/2 GET https://localhost:7084/Factura - null null
2024-04-05 23:15:41.540 -06:00 [INF] Executing endpoint 'Proyecto.Web.Controllers.FacturaController.Index (Proyecto.Web)'
2024-04-05 23:15:41.551 -06:00 [INF] Route matched with {action = "Index", controller = "Factura"}. Executing controller action with signature System.Threading.Tasks.Task`1[Microsoft.AspNetCore.Mvc.IActionResult] Index() on controller Proyecto.Web.Controllers.FacturaController (Proyecto.Web).
2024-04-05 23:15:41.597 -06:00 [INF] Executing action method Proyecto.Web.Controllers.FacturaController.Index (Proyecto.Web) - Validation state: "Valid"
2024-04-05 23:15:41.825 -06:00 [INF] Executed DbCommand (8ms) [Parameters=[], CommandType='"Text"', CommandTimeout='30']
SELECT [t].[IdTarjeta], [t].[DescripcionTarjeta], [t].[Estado]
FROM [Tarjeta] AS [t]
2024-04-05 23:15:41.858 -06:00 [INF] Executed action method Proyecto.Web.Controllers.FacturaController.Index (Proyecto.Web), returned result Microsoft.AspNetCore.Mvc.ViewResult in 259.2928ms.
2024-04-05 23:15:41.864 -06:00 [INF] Executing ViewResult, running view Index.
2024-04-05 23:15:42.001 -06:00 [INF] Executed ViewResult - view Index executed in 138.8881ms.
2024-04-05 23:15:42.006 -06:00 [INF] Executed action Proyecto.Web.Controllers.FacturaController.Index (Proyecto.Web) in 450.9981ms
2024-04-05 23:15:42.008 -06:00 [INF] Executed endpoint 'Proyecto.Web.Controllers.FacturaController.Index (Proyecto.Web)'
2024-04-05 23:15:42.011 -06:00 [INF] Request finished HTTP/2 GET https://localhost:7084/Factura - 200 null text/html; charset=utf-8 542.0773ms
2024-04-05 23:15:42.064 -06:00 [INF] Request starting HTTP/2 GET https://localhost:7084/_vs/browserLink - null null
2024-04-05 23:15:42.064 -06:00 [INF] Request starting HTTP/2 GET https://localhost:7084/_framework/aspnetcore-browser-refresh.js - null null
2024-04-05 23:15:42.077 -06:00 [INF] Request finished HTTP/2 GET https://localhost:7084/_framework/aspnetcore-browser-refresh.js - 200 13760 application/javascript; charset=utf-8 15.5075ms
2024-04-05 23:15:42.096 -06:00 [INF] Request finished HTTP/2 GET https://localhost:7084/_vs/browserLink - 200 null text/javascript; charset=UTF-8 31.0609ms
